------ Plasma information from VMEC ----
np     iota_edge       phip_edge       curpol
     3  0.000000000000E+00  0.000000000000E+00  4.972592538028E+00

------ Current Surface: Coil-Plasma separation =   1.000000000000E-01 -----
Number of fourier modes in table
         545
Table of fourier coefficients
m,n,crc2,czs2,crs2,czc2
      0     0  1.405323727128E+00  0.000000000000E+00  0.000000000000E+00  0.000000000000E+00
      0    -1  2.348920900669E-02 -1.993439529887E-02  0.000000000000E+00  0.000000000000E+00
      0    -2 -1.193162877891E-03  9.393951651006E-03  0.000000000000E+00  0.000000000000E+00
      0    -3  3.635376964821E-03 -4.009028458778E-03  0.000000000000E+00  0.000000000000E+00
      0    -4 -1.030956680897E-03  1.427805214259E-03  0.000000000000E+00  0.000000000000E+00
      0    -5  5.490976122098E-06 -2.044539167736E-04  0.000000000000E+00  0.000000000000E+00
      0    -6  3.795937934836E-05  1.149683472606E-04  0.000000000000E+00  0.000000000000E+00
      0    -7 -5.131415738978E-06  5.168376286149E-05  0.000000000000E+00  0.000000000000E+00
      0    -8  2.255987608552E-05 -9.379243572902E-06  0.000000000000E+00  0.000000000000E+00
      0    -9 -8.719308513324E-06 -8.839323878297E-06  0.000000000000E+00  0.000000000000E+00
      0   -10  6.626458703704E-06  3.699827975111E-06  0.000000000000E+00  0.000000000000E+00
      0   -11  1.462763746790E-05  1.406862999809E-05  0.000000000000E+00  0.000000000000E+00
      0   -12  1.258569412786E-05  1.387989345445E-05  0.000000000000E+00  0.000000000000E+00
      0   -13 -3.523754584203E-07 -1.010204552526E-06  0.000000000000E+00  0.000000000000E+00
      0   -14 -8.394892538736E-06 -6.905549913604E-06  0.000000000000E+00  0.000000000000E+00
      0   -15 -7.354741214838E-06 -4.569321558517E-06  0.000000000000E+00  0.000000000000E+00
      0   -16 -2.886679300941E-06 -5.385128275515E-18  0.000000000000E+00  0.000000000000E+00
      1    16  1.075287028448E-06  1.231897417689E-07  0.000000000000E+00  0.000000000000E+00
      1    15  2.678076793375E-06 -1.552316858429E-06  0.000000000000E+00  0.000000000000E+00
      1    14  7.544254999846E-06 -7.480001517960E-06  0.000000000000E+00  0.000000000000E+00
      1    13  1.604009233580E-05 -1.625529373100E-05  0.000000000000E+00  0.000000000000E+00
      1    12  1.506256965805E-05 -1.443413125306E-05  0.000000000000E+00  0.000000000000E+00
      1    11 -2.503822223636E-06 -2.837455559122E-07  0.000000000000E+00  0.000000000000E+00
      1    10 -9.299120441795E-06  1.485510303709E-05  0.000000000000E+00  0.000000000000E+00
      1     9 -2.628090039699E-05  1.211587905346E-05  0.000000000000E+00  0.000000000000E+00
      1     8 -3.626286927039E-06 -1.007634327444E-05  0.000000000000E+00  0.000000000000E+00
      1     7 -1.324374848871E-05 -2.894376882152E-06  0.000000000000E+00  0.000000000000E+00
      1     6  7.591491554105E-05 -1.470622799148E-05  0.000000000000E+00  0.000000000000E+00
      1     5  1.059581442195E-04  2.892840161888E-04  0.000000000000E+00  0.000000000000E+00
      1     4 -5.554352259218E-04  6.956499157804E-05  0.000000000000E+00  0.000000000000E+00
      1     3  2.808127018464E-03  1.203625072272E-03  0.000000000000E+00  0.000000000000E+00
      1     2 -1.215397215771E-02 -1.674678346241E-03  0.000000000000E+00  0.000000000000E+00
      1     1  2.847814263983E-03 -3.386142430610E-02  0.000000000000E+00  0.000000000000E+00
      1     0  3.922616677059E-01  5.326545409615E-01  0.000000000000E+00  0.000000000000E+00
      1    -1 -9.433414415023E-02  1.737380807331E-01  0.000000000000E+00  0.000000000000E+00
      1    -2 -5.415010733631E-03  8.536310843839E-03  0.000000000000E+00  0.000000000000E+00
      1    -3 -2.491420011485E-03  1.786521898085E-03  0.000000000000E+00  0.000000000000E+00
      1    -4  2.805264698719E-05  1.428639034677E-03  0.000000000000E+00  0.000000000000E+00
      1    -5  1.190871183369E-05 -5.707565962240E-04  0.000000000000E+00  0.000000000000E+00
      1    -6  1.791113281274E-04 -1.088836843581E-04  0.000000000000E+00  0.000000000000E+00
      1    -7  1.892046925249E-05 -4.634668777640E-05  0.000000000000E+00  0.000000000000E+00
      1    -8 -8.906116935138E-06  1.733517164404E-06  0.000000000000E+00  0.000000000000E+00
      1    -9 -4.970477284011E-06  4.962859548481E-06  0.000000000000E+00  0.000000000000E+00
      1   -10  1.568953803859E-05  1.370019047136E-05  0.000000000000E+00  0.000000000000E+00
      1   -11  7.281446080653E-07  1.271325518028E-06  0.000000000000E+00  0.000000000000E+00
      1   -12 -9.533787985680E-06 -9.063264375135E-06  0.000000000000E+00  0.000000000000E+00
      1   -13 -1.277759894991E-05 -1.411946396440E-05  0.000000000000E+00  0.000000000000E+00
      1   -14 -6.031966467353E-06 -6.295125017062E-06  0.000000000000E+00  0.000000000000E+00
      1   -15  7.508814151894E-07 -4.743088035349E-07  0.000000000000E+00  0.000000000000E+00
      1   -16  1.075287028436E-06  1.231897417648E-07  0.000000000000E+00  0.000000000000E+00
      2    16  2.356699185685E-06  8.289208002836E-07  0.000000000000E+00  0.000000000000E+00
      2    15  4.553014832538E-06 -1.938165185801E-06  0.000000000000E+00  0.000000000000E+00
      2    14  5.535244673060E-06 -4.362527073322E-06  0.000000000000E+00  0.000000000000E+00
      2    13 -6.555252359225E-07  1.229294574792E-06  0.000000000000E+00  0.000000000000E+00
      2    12 -1.823483104623E-05  1.752227704314E-05  0.000000000000E+00  0.000000000000E+00
      2    11 -2.818333309848E-05  2.753965009316E-05  0.000000000000E+00  0.000000000000E+00
      2    10 -9.740814971528E-06  1.142069864321E-05  0.000000000000E+00  0.000000000000E+00
      2     9  8.834897527557E-06 -8.793211608117E-06  0.000000000000E+00  0.000000000000E+00
      2     8  2.763142805525E-05 -2.278516948185E-05  0.000000000000E+00  0.000000000000E+00
      2     7 -3.367428857072E-07  5.668797701241E-05  0.000000000000E+00  0.000000000000E+00
      2     6 -7.246322797201E-05 -7.855706578893E-05  0.000000000000E+00  0.000000000000E+00
      2     5 -7.137091275951E-05 -8.317000360399E-05  0.000000000000E+00  0.000000000000E+00
      2     4  2.376205474346E-04  2.439212497092E-04  0.000000000000E+00  0.000000000000E+00
      2     3 -1.310261061897E-03 -8.122801140215E-04  0.000000000000E+00  0.000000000000E+00
      2     2 -2.185813938568E-03 -4.963982508969E-03  0.000000000000E+00  0.000000000000E+00
      2     1  1.039228508737E-02  2.161185965818E-02  0.000000000000E+00  0.000000000000E+00
      2     0  5.960343377897E-02  2.409216737705E-02  0.000000000000E+00  0.000000000000E+00
      2    -1  6.629162118448E-02  1.433417124254E-02  0.000000000000E+00  0.000000000000E+00
      2    -2  4.308252613157E-02 -6.898423611826E-03  0.000000000000E+00  0.000000000000E+00
      2    -3  1.068476610310E-03 -6.953924274364E-04  0.000000000000E+00  0.000000000000E+00
      2    -4  9.400353030341E-04 -9.377983713152E-04  0.000000000000E+00  0.000000000000E+00
      2    -5 -5.346189240973E-04 -2.983772898180E-04  0.000000000000E+00  0.000000000000E+00
      2    -6 -6.236718047516E-05  1.243631186516E-04  0.000000000000E+00  0.000000000000E+00
      2    -7 -2.474236508704E-05  7.855800348920E-05  0.000000000000E+00  0.000000000000E+00
      2    -8 -5.282481604665E-06 -2.547283156632E-05  0.000000000000E+00  0.000000000000E+00
      2    -9  1.600688055106E-06  3.129256588688E-06  0.000000000000E+00  0.000000000000E+00
      2   -10  4.644587578151E-06 -3.571937304282E-06  0.000000000000E+00  0.000000000000E+00
      2   -11 -1.105463130358E-05 -1.098097599401E-05  0.000000000000E+00  0.000000000000E+00
      2   -12 -7.614796967564E-06 -6.522595551136E-06  0.000000000000E+00  0.000000000000E+00
      2   -13  1.460870357999E-07 -2.099002334799E-07  0.000000000000E+00  0.000000000000E+00
      2   -14  7.496290759717E-06  8.002718987761E-06  0.000000000000E+00  0.000000000000E+00
      2   -15  7.617465171324E-06  5.614575935727E-06  0.000000000000E+00  0.000000000000E+00
      2   -16  2.356699185643E-06  8.289208002624E-07  0.000000000000E+00  0.000000000000E+00
      3    16 -2.657914414154E-06 -6.508947422941E-07  0.000000000000E+00  0.000000000000E+00
      3    15 -5.246034637296E-06  1.502469387061E-06  0.000000000000E+00  0.000000000000E+00
      3    14 -8.278532822873E-06  6.814869194427E-06  0.000000000000E+00  0.000000000000E+00
      3    13 -1.556234662328E-05  1.582427404033E-05  0.000000000000E+00  0.000000000000E+00
      3    12 -1.678939957213E-05  1.810695519587E-05  0.000000000000E+00  0.000000000000E+00
      3    11  8.301543018849E-07 -1.934827325645E-06  0.000000000000E+00  0.000000000000E+00
      3    10  2.497905825528E-05 -1.863228239815E-05  0.000000000000E+00  0.000000000000E+00
      3     9  1.082225128477E-05 -2.253794224678E-05  0.000000000000E+00  0.000000000000E+00
      3     8  1.949237725393E-05  2.325971525945E-06  0.000000000000E+00  0.000000000000E+00
      3     7 -4.541049742560E-06 -9.293641324769E-06  0.000000000000E+00  0.000000000000E+00
      3     6 -1.306821632196E-04 -1.316243520120E-04  0.000000000000E+00  0.000000000000E+00
      3     5  1.489602556252E-04  2.025015116801E-04  0.000000000000E+00  0.000000000000E+00
      3     4 -1.593042386091E-04  4.525564575526E-05  0.000000000000E+00  0.000000000000E+00
      3     3 -5.011586611776E-04 -9.985043692535E-04  0.000000000000E+00  0.000000000000E+00
      3     2  1.761753802536E-03  2.952801473932E-03  0.000000000000E+00  0.000000000000E+00
      3     1  2.927186448510E-03 -2.298777966428E-03  0.000000000000E+00  0.000000000000E+00
      3     0 -1.394766922003E-02 -7.108574305010E-03  0.000000000000E+00  0.000000000000E+00
      3    -1 -2.815460125990E-02 -2.314911494604E-02  0.000000000000E+00  0.000000000000E+00
      3    -2 -1.898456826357E-02  4.761213992136E-04  0.000000000000E+00  0.000000000000E+00
      3    -3 -6.585233556667E-03  1.426306625622E-03  0.000000000000E+00  0.000000000000E+00
      3    -4  5.839979384822E-04  1.126460224299E-03  0.000000000000E+00  0.000000000000E+00
      3    -5 -1.268700962227E-04  2.731512894872E-04  0.000000000000E+00  0.000000000000E+00
      3    -6  2.848057702754E-04 -1.714438673339E-04  0.000000000000E+00  0.000000000000E+00
      3    -7 -1.395024228557E-06 -2.527812819437E-07  0.000000000000E+00  0.000000000000E+00
      3    -8  1.183742591324E-05 -3.465725709777E-07  0.000000000000E+00  0.000000000000E+00
      3    -9 -1.159753139871E-06  7.974593742151E-06  0.000000000000E+00  0.000000000000E+00
      3   -10 -4.917951950008E-06 -2.927727945380E-06  0.000000000000E+00  0.000000000000E+00
      3   -11 -7.220901677270E-06 -3.213302882853E-06  0.000000000000E+00  0.000000000000E+00
      3   -12  6.627780517335E-06  7.310418019342E-06  0.000000000000E+00  0.000000000000E+00
      3   -13  9.069222684313E-06  8.270748468063E-06  0.000000000000E+00  0.000000000000E+00
      3   -14  4.991031719141E-06  5.116657882649E-06  0.000000000000E+00  0.000000000000E+00
      3   -15 -2.412371289411E-06 -9.064408101830E-07  0.000000000000E+00  0.000000000000E+00
      3   -16 -2.657914414144E-06 -6.508947422868E-07  0.000000000000E+00  0.000000000000E+00
      4    16 -1.220270562245E-06 -1.100167792082E-06  0.000000000000E+00  0.000000000000E+00
      4    15 -2.304837537397E-07 -4.933052301957E-07  0.000000000000E+00  0.000000000000E+00
      4    14 -4.594962602442E-07  2.333174449355E-07  0.000000000000E+00  0.000000000000E+00
      4    13  3.967963898913E-06 -4.589679583129E-06  0.000000000000E+00  0.000000000000E+00
      4    12  2.165220964169E-05 -2.235208803143E-05  0.000000000000E+00  0.000000000000E+00
      4    11  4.060137838342E-05 -4.045231362772E-05  0.000000000000E+00  0.000000000000E+00
      4    10  2.961042765890E-05 -2.969579806000E-05  0.000000000000E+00  0.000000000000E+00
      4     9 -1.234411492317E-05  9.350651104139E-06  0.000000000000E+00  0.000000000000E+00
      4     8 -3.127873951128E-05  1.994876644734E-05  0.000000000000E+00  0.000000000000E+00
      4     7 -2.921560727968E-05  3.702795104320E-05  0.000000000000E+00  0.000000000000E+00
      4     6  2.006841322707E-05 -4.919113239751E-05  0.000000000000E+00  0.000000000000E+00
      4     5  7.502780333164E-05  7.907933003167E-05  0.000000000000E+00  0.000000000000E+00
      4     4 -1.183955604812E-04 -2.375758677534E-04  0.000000000000E+00  0.000000000000E+00
      4     3 -2.483337979108E-04  1.115096563736E-04  0.000000000000E+00  0.000000000000E+00
      4     2  2.537682402478E-03  1.357968722511E-03  0.000000000000E+00  0.000000000000E+00
      4     1 -5.300893053782E-03 -4.317542589627E-03  0.000000000000E+00  0.000000000000E+00
      4     0  3.217246998533E-03  4.175673379328E-03  0.000000000000E+00  0.000000000000E+00
      4    -1  9.193861506292E-03  6.982450554408E-03  0.000000000000E+00  0.000000000000E+00
      4    -2  1.279129794193E-02  6.179960018493E-03  0.000000000000E+00  0.000000000000E+00
      4    -3  2.045415568731E-03 -4.799104673275E-03  0.000000000000E+00  0.000000000000E+00
      4    -4 -4.498644834058E-05  2.197280917266E-04  0.000000000000E+00  0.000000000000E+00
      4    -5 -2.393274861145E-04 -3.344616676430E-04  0.000000000000E+00  0.000000000000E+00
      4    -6  1.763007451946E-05 -3.695324542661E-05  0.000000000000E+00  0.000000000000E+00
      4    -7 -1.268945312535E-04  9.510394847167E-05  0.000000000000E+00  0.000000000000E+00
      4    -8 -7.223539013523E-06 -2.415904251370E-05  0.000000000000E+00  0.000000000000E+00
      4    -9  4.780900282901E-06  8.323131084166E-07  0.000000000000E+00  0.000000000000E+00
      4   -10  4.954166025162E-06 -3.417275214761E-06  0.000000000000E+00  0.000000000000E+00
      4   -11  3.937800977336E-06  3.044286582623E-06  0.000000000000E+00  0.000000000000E+00
      4   -12  7.511951524412E-06  6.273485080340E-06  0.000000000000E+00  0.000000000000E+00
      4   -13 -7.367726041122E-07 -1.300043817743E-06  0.000000000000E+00  0.000000000000E+00
      4   -14 -5.358094267865E-06 -5.123365630854E-06  0.000000000000E+00  0.000000000000E+00
      4   -15 -6.443497295274E-06 -5.527895141922E-06  0.000000000000E+00  0.000000000000E+00
      4   -16 -1.220270562197E-06 -1.100167792086E-06  0.000000000000E+00  0.000000000000E+00
      5    16  3.114697557103E-06  9.759577509452E-07  0.000000000000E+00  0.000000000000E+00
      5    15  5.391077165456E-06  2.063566621722E-07  0.000000000000E+00  0.000000000000E+00
      5    14  5.898528456299E-06 -3.907922501127E-06  0.000000000000E+00  0.000000000000E+00
      5    13  1.138006910959E-05 -1.082893998486E-05  0.000000000000E+00  0.000000000000E+00
      5    12  1.295102795501E-05 -1.363874973660E-05  0.000000000000E+00  0.000000000000E+00
      5    11 -5.832017377562E-06  6.029684972615E-06  0.000000000000E+00  0.000000000000E+00
      5    10 -4.104996613883E-05  3.825059554496E-05  0.000000000000E+00  0.000000000000E+00
      5     9 -3.519017103207E-05  3.727965204713E-05  0.000000000000E+00  0.000000000000E+00
      5     8  6.795294113611E-06  7.878713635759E-06  0.000000000000E+00  0.000000000000E+00
      5     7  1.346538708138E-05 -2.139069818865E-05  0.000000000000E+00  0.000000000000E+00
      5     6 -1.191964318839E-05 -7.542718399499E-06  0.000000000000E+00  0.000000000000E+00
      5     5  1.261470882948E-04  1.154115723245E-04  0.000000000000E+00  0.000000000000E+00
      5     4 -2.032693741119E-04 -5.863271101139E-05  0.000000000000E+00  0.000000000000E+00
      5     3  5.285020366555E-04 -1.397556850461E-06  0.000000000000E+00  0.000000000000E+00
      5     2 -2.210633356262E-03 -1.020441553137E-03  0.000000000000E+00  0.000000000000E+00
      5     1  5.153448077309E-03  3.954080203215E-03  0.000000000000E+00  0.000000000000E+00
      5     0 -5.972934860142E-03 -6.055539522861E-03  0.000000000000E+00  0.000000000000E+00
      5    -1  8.554577291163E-03  9.838192266046E-03  0.000000000000E+00  0.000000000000E+00
      5    -2  7.377816769428E-03  6.218964500677E-03  0.000000000000E+00  0.000000000000E+00
      5    -3 -1.137021622298E-03  6.789123566873E-04  0.000000000000E+00  0.000000000000E+00
      5    -4  1.570271453853E-03  3.274881496993E-03  0.000000000000E+00  0.000000000000E+00
      5    -5  5.093937857512E-04 -6.824203945881E-04  0.000000000000E+00  0.000000000000E+00
      5    -6  9.414683847865E-05 -2.226426623913E-05  0.000000000000E+00  0.000000000000E+00
      5    -7  7.358551381373E-06  6.218076043761E-05  0.000000000000E+00  0.000000000000E+00
      5    -8  3.714795348687E-05 -5.636794225049E-05  0.000000000000E+00  0.000000000000E+00
      5    -9 -3.283063357017E-06  5.439122273246E-06  0.000000000000E+00  0.000000000000E+00
      5   -10 -7.536840935515E-06 -1.088619694203E-07  0.000000000000E+00  0.000000000000E+00
      5   -11  1.413169521838E-06  3.806244179789E-06  0.000000000000E+00  0.000000000000E+00
      5   -12 -1.893811663074E-06 -7.610691007598E-07  0.000000000000E+00  0.000000000000E+00
      5   -13 -6.545191385803E-06 -7.522001072994E-06  0.000000000000E+00  0.000000000000E+00
      5   -14 -3.204682592494E-06 -2.998650113250E-06  0.000000000000E+00  0.000000000000E+00
      5   -15  1.535070490423E-06  1.236135777944E-06  0.000000000000E+00  0.000000000000E+00
      5   -16  3.114697557131E-06  9.759577509579E-07  0.000000000000E+00  0.000000000000E+00
      6    16  9.225342816434E-07  7.064179078079E-07  0.000000000000E+00  0.000000000000E+00
      6    15 -3.405684746628E-06  1.874842731919E-06  0.000000000000E+00  0.000000000000E+00
      6    14 -3.672443765146E-06  2.223324987815E-06  0.000000000000E+00  0.000000000000E+00
      6    13 -6.533892972739E-06  6.742260958554E-06  0.000000000000E+00  0.000000000000E+00
      6    12 -2.128917530654E-05  2.282726006329E-05  0.000000000000E+00  0.000000000000E+00
      6    11 -4.518695656585E-05  4.459585459551E-05  0.000000000000E+00  0.000000000000E+00
      6    10 -4.315915845045E-05  4.358288734359E-05  0.000000000000E+00  0.000000000000E+00
      6     9 -2.343131116572E-06  2.922663762149E-06  0.000000000000E+00  0.000000000000E+00
      6     8  3.144739994189E-05 -3.854564434741E-05  0.000000000000E+00  0.000000000000E+00
      6     7  3.440017240893E-05 -2.466181723899E-05  0.000000000000E+00  0.000000000000E+00
      6     6 -4.390388100237E-05 -9.423072258223E-05  0.000000000000E+00  0.000000000000E+00
      6     5  9.030623353111E-05  2.032121716896E-04  0.000000000000E+00  0.000000000000E+00
      6     4 -1.713847984949E-04 -3.167136296777E-04  0.000000000000E+00  0.000000000000E+00
      6     3 -1.435286314011E-04  1.398613464608E-04  0.000000000000E+00  0.000000000000E+00
      6     2  6.793802091814E-04  1.822715266361E-04  0.000000000000E+00  0.000000000000E+00
      6     1 -3.565470644359E-04  4.536866719830E-04  0.000000000000E+00  0.000000000000E+00
      6     0  2.061891184331E-03  1.324244420519E-03  0.000000000000E+00  0.000000000000E+00
      6    -1 -3.074240939638E-03 -3.440107871076E-03  0.000000000000E+00  0.000000000000E+00
      6    -2 -6.837346408393E-03 -4.928329439465E-03  0.000000000000E+00  0.000000000000E+00
      6    -3 -6.327215518883E-03 -4.738322130520E-03  0.000000000000E+00  0.000000000000E+00
      6    -4  5.708580364268E-06  3.540389723373E-04  0.000000000000E+00  0.000000000000E+00
      6    -5 -7.972610873068E-04 -1.105966373276E-03  0.000000000000E+00  0.000000000000E+00
      6    -6 -1.095478321135E-05  5.357867795120E-04  0.000000000000E+00  0.000000000000E+00
      6    -7 -2.682590794291E-05 -3.087644210109E-05  0.000000000000E+00  0.000000000000E+00
      6    -8  2.690015915076E-05 -1.925775981689E-05  0.000000000000E+00  0.000000000000E+00
      6    -9  5.206070008369E-06  1.572399450561E-05  0.000000000000E+00  0.000000000000E+00
      6   -10  8.220114231300E-07  3.549959040606E-06  0.000000000000E+00  0.000000000000E+00
      6   -11  1.298043590346E-06 -3.684596587779E-06  0.000000000000E+00  0.000000000000E+00
      6   -12 -4.054063963107E-06 -3.042780593962E-06  0.000000000000E+00  0.000000000000E+00
      6   -13 -7.253329749047E-07 -1.655009538691E-06  0.000000000000E+00  0.000000000000E+00
      6   -14  3.941311433825E-06  4.937748186960E-06  0.000000000000E+00  0.000000000000E+00
      6   -15  3.949114348375E-06  4.104617715357E-06  0.000000000000E+00  0.000000000000E+00
      6   -16  9.225342815887E-07  7.064179078213E-07  0.000000000000E+00  0.000000000000E+00
      7    16 -1.925262453987E-06 -1.315040990104E-06  0.000000000000E+00  0.000000000000E+00
      7    15 -5.504797574171E-06 -3.930775893079E-07  0.000000000000E+00  0.000000000000E+00
      7    14 -1.479305270239E-06 -1.041773319555E-06  0.000000000000E+00  0.000000000000E+00
      7    13 -4.127750149286E-06  3.329408317472E-06  0.000000000000E+00  0.000000000000E+00
      7    12 -5.380732871687E-06  4.494732408395E-06  0.000000000000E+00  0.000000000000E+00
      7    11  1.450086393935E-05 -1.430126773099E-05  0.000000000000E+00  0.000000000000E+00
      7    10  5.958815623393E-05 -5.988779115425E-05  0.000000000000E+00  0.000000000000E+00
      7     9  8.550852122533E-05 -8.122075235830E-05  0.000000000000E+00  0.000000000000E+00
      7     8  2.021456597845E-05 -2.789972203461E-05  0.000000000000E+00  0.000000000000E+00
      7     7 -3.522682178890E-05  4.007715950941E-05  0.000000000000E+00  0.000000000000E+00
      7     6 -2.873300485905E-05  5.610743893998E-05  0.000000000000E+00  0.000000000000E+00
      7     5  2.103645034663E-05 -5.022158445556E-05  0.000000000000E+00  0.000000000000E+00
      7     4  3.146655853638E-05  9.119847470838E-05  0.000000000000E+00  0.000000000000E+00
      7     3 -2.919506441958E-04 -4.980021516036E-04  0.000000000000E+00  0.000000000000E+00
      7     2  7.761789031114E-04  1.424442399161E-03  0.000000000000E+00  0.000000000000E+00
      7     1 -7.305052982324E-04 -1.988199193124E-03  0.000000000000E+00  0.000000000000E+00
      7     0  2.212470602360E-04  1.257702315274E-03  0.000000000000E+00  0.000000000000E+00
      7    -1  2.197207933180E-04  2.245316172774E-04  0.000000000000E+00  0.000000000000E+00
      7    -2 -2.182418669680E-03 -2.633139344975E-03  0.000000000000E+00  0.000000000000E+00
      7    -3  4.959410568337E-05 -3.954978030685E-04  0.000000000000E+00  0.000000000000E+00
      7    -4  1.877867132504E-03  1.224951378013E-03  0.000000000000E+00  0.000000000000E+00
      7    -5 -8.982626892614E-04 -1.236591252111E-03  0.000000000000E+00  0.000000000000E+00
      7    -6  1.904685173672E-04  3.684133208671E-04  0.000000000000E+00  0.000000000000E+00
      7    -7 -2.107661285166E-05 -2.151101781892E-05  0.000000000000E+00  0.000000000000E+00
      7    -8  7.570254842096E-06 -6.811600022849E-05  0.000000000000E+00  0.000000000000E+00
      7    -9 -1.256309298229E-05  1.875585525479E-05  0.000000000000E+00  0.000000000000E+00
      7   -10 -7.468332334989E-06 -8.774131096837E-07  0.000000000000E+00  0.000000000000E+00
      7   -11  2.943046207097E-06 -2.560248760266E-06  0.000000000000E+00  0.000000000000E+00
      7   -12 -1.214128435433E-07  2.464530737041E-06  0.000000000000E+00  0.000000000000E+00
      7   -13  3.707201460810E-06  2.538270352417E-06  0.000000000000E+00  0.000000000000E+00
      7   -14  2.845697655453E-06  3.987140055914E-06  0.000000000000E+00  0.000000000000E+00
      7   -15 -9.133633765374E-07 -1.835188741932E-06  0.000000000000E+00  0.000000000000E+00
      7   -16 -1.925262453958E-06 -1.315040990109E-06  0.000000000000E+00  0.000000000000E+00
      8    16 -6.054713901986E-07 -2.329467541102E-07  0.000000000000E+00  0.000000000000E+00
      8    15  2.880095383206E-06 -2.257020855117E-07  0.000000000000E+00  0.000000000000E+00
      8    14  7.492604529021E-06 -4.005957360182E-06  0.000000000000E+00  0.000000000000E+00
      8    13  5.059639980432E-06 -3.665255074727E-06  0.000000000000E+00  0.000000000000E+00
      8    12  1.567622520161E-05 -1.651495874484E-05  0.000000000000E+00  0.000000000000E+00
      8    11  3.604003635609E-05 -3.688532781995E-05  0.000000000000E+00  0.000000000000E+00
      8    10  4.147355925298E-05 -3.880077465522E-05  0.000000000000E+00  0.000000000000E+00
      8     9 -3.951229201398E-06  2.762627610049E-06  0.000000000000E+00  0.000000000000E+00
      8     8 -4.433088001838E-05  5.227715565809E-05  0.000000000000E+00  0.000000000000E+00
      8     7 -3.460828342826E-05  4.080007500495E-05  0.000000000000E+00  0.000000000000E+00
      8     6 -4.395197742218E-05 -4.879456534711E-05  0.000000000000E+00  0.000000000000E+00
      8     5  8.940371103041E-05  1.508369818056E-04  0.000000000000E+00  0.000000000000E+00
      8     4 -1.953122993635E-04 -3.241278145460E-04  0.000000000000E+00  0.000000000000E+00
      8     3  4.488849221721E-04  6.390105271621E-04  0.000000000000E+00  0.000000000000E+00
      8     2 -8.936873713111E-04 -1.215699654842E-03  0.000000000000E+00  0.000000000000E+00
      8     1  1.840587152525E-03  2.199777001850E-03  0.000000000000E+00  0.000000000000E+00
      8     0 -2.537226901856E-03 -2.713900457921E-03  0.000000000000E+00  0.000000000000E+00
      8    -1 -3.227289910059E-05  1.015911223036E-04  0.000000000000E+00  0.000000000000E+00
      8    -2  3.053247904440E-03  3.061012702355E-03  0.000000000000E+00  0.000000000000E+00
      8    -3  4.588916987383E-03  3.683362682395E-03  0.000000000000E+00  0.000000000000E+00
      8    -4  1.929834029889E-03  1.329610399843E-03  0.000000000000E+00  0.000000000000E+00
      8    -5 -9.497285532311E-05 -1.607946635143E-04  0.000000000000E+00  0.000000000000E+00
      8    -6  8.009386269824E-04  8.713250523413E-04  0.000000000000E+00  0.000000000000E+00
      8    -7 -2.165147595266E-05 -1.365340753677E-04  0.000000000000E+00  0.000000000000E+00
      8    -8  7.131746353232E-05 -4.734463590233E-07  0.000000000000E+00  0.000000000000E+00
      8    -9 -1.174155997682E-05  1.569420855326E-05  0.000000000000E+00  0.000000000000E+00
      8   -10  2.126955633472E-07 -7.704697040350E-06  0.000000000000E+00  0.000000000000E+00
      8   -11  1.147629590106E-06 -2.849399658879E-06  0.000000000000E+00  0.000000000000E+00
      8   -12  2.647720205441E-07  4.011942991227E-06  0.000000000000E+00  0.000000000000E+00
      8   -13  7.345770568971E-07 -2.585678783061E-07  0.000000000000E+00  0.000000000000E+00
      8   -14 -2.219578517898E-06 -2.142872004780E-06  0.000000000000E+00  0.000000000000E+00
      8   -15 -2.962465280006E-06 -4.044656698512E-06  0.000000000000E+00  0.000000000000E+00
      8   -16 -6.054713901812E-07 -2.329467540956E-07  0.000000000000E+00  0.000000000000E+00
      9    16  9.305784769504E-07  1.770336819727E-06  0.000000000000E+00  0.000000000000E+00
      9    15  3.641457535159E-06  5.530389062723E-07  0.000000000000E+00  0.000000000000E+00
      9    14  6.234608996189E-07  1.100540695632E-06  0.000000000000E+00  0.000000000000E+00
      9    13 -5.472378897311E-06  5.342080661062E-06  0.000000000000E+00  0.000000000000E+00
      9    12 -2.932716286668E-07  1.571179810775E-06  0.000000000000E+00  0.000000000000E+00
      9    11 -1.845043397811E-05  1.995642826065E-05  0.000000000000E+00  0.000000000000E+00
      9    10 -7.015766521066E-05  7.026379303014E-05  0.000000000000E+00  0.000000000000E+00
      9     9 -1.243118815755E-04  1.195277428715E-04  0.000000000000E+00  0.000000000000E+00
      9     8 -9.883655900590E-05  8.937389792218E-05  0.000000000000E+00  0.000000000000E+00
      9     7  2.432239353879E-05 -2.089201531539E-05  0.000000000000E+00  0.000000000000E+00
      9     6  5.682082994168E-05 -7.799024112948E-05  0.000000000000E+00  0.000000000000E+00
      9     5  2.864007098043E-05 -8.271706302184E-05  0.000000000000E+00  0.000000000000E+00
      9     4  2.504831055733E-05  2.206043134076E-04  0.000000000000E+00  0.000000000000E+00
      9     3 -3.800384431878E-04 -5.062073579028E-04  0.000000000000E+00  0.000000000000E+00
      9     2  1.240093673322E-03  1.438835950967E-03  0.000000000000E+00  0.000000000000E+00
      9     1 -2.298923004837E-03 -2.652973582784E-03  0.000000000000E+00  0.000000000000E+00
      9     0  2.394525000051E-03  2.944488878238E-03  0.000000000000E+00  0.000000000000E+00
      9    -1 -5.389087180559E-04 -9.309028998341E-04  0.000000000000E+00  0.000000000000E+00
      9    -2  1.064918164135E-04 -4.588472131283E-05  0.000000000000E+00  0.000000000000E+00
      9    -3  1.666839410034E-04  4.540490061715E-04  0.000000000000E+00  0.000000000000E+00
      9    -4 -1.428887313128E-03 -1.136731350943E-03  0.000000000000E+00  0.000000000000E+00
      9    -5 -8.055911437279E-04 -5.997760078980E-04  0.000000000000E+00  0.000000000000E+00
      9    -6  1.810261001666E-04  2.447431303162E-04  0.000000000000E+00  0.000000000000E+00
      9    -7 -2.347734868227E-04 -2.343899180431E-04  0.000000000000E+00  0.000000000000E+00
      9    -8 -6.252240095155E-06  7.589002854875E-07  0.000000000000E+00  0.000000000000E+00
      9    -9 -2.627940797418E-05  1.712785628504E-05  0.000000000000E+00  0.000000000000E+00
      9   -10  7.138059151120E-06 -2.163657265474E-06  0.000000000000E+00  0.000000000000E+00
      9   -11  3.625922852949E-06  1.125108507317E-06  0.000000000000E+00  0.000000000000E+00
      9   -12  4.376980673260E-07  1.101373155637E-06  0.000000000000E+00  0.000000000000E+00
      9   -13 -2.149726047977E-06 -2.822185944114E-06  0.000000000000E+00  0.000000000000E+00
      9   -14 -1.704661868751E-06 -1.596245057115E-06  0.000000000000E+00  0.000000000000E+00
      9   -15  3.415531522725E-07  2.888902293697E-07  0.000000000000E+00  0.000000000000E+00
      9   -16  9.305784769465E-07  1.770336819755E-06  0.000000000000E+00  0.000000000000E+00
     10    16  3.137426511275E-07  4.711651474456E-07  0.000000000000E+00  0.000000000000E+00
     10    15 -6.139262011412E-07 -2.440574057902E-06  0.000000000000E+00  0.000000000000E+00
     10    14 -6.666257938871E-06  2.687747822915E-06  0.000000000000E+00  0.000000000000E+00
     10    13 -6.122103426923E-06  3.955484918772E-06  0.000000000000E+00  0.000000000000E+00
     10    12 -2.009364963834E-06  1.490017014666E-06  0.000000000000E+00  0.000000000000E+00
     10    11 -2.178228942912E-05  2.277324971585E-05  0.000000000000E+00  0.000000000000E+00
     10    10 -2.223413416996E-05  1.750151560761E-05  0.000000000000E+00  0.000000000000E+00
     10     9  2.989632997051E-05 -3.326320102506E-05  0.000000000000E+00  0.000000000000E+00
     10     8  1.134431400595E-04 -1.080550316195E-04  0.000000000000E+00  0.000000000000E+00
     10     7  8.757370527110E-05 -9.324361104297E-05  0.000000000000E+00  0.000000000000E+00
     10     6  2.073591239280E-05  4.725715630174E-05  0.000000000000E+00  0.000000000000E+00
     10     5 -8.250748488620E-05  3.921176526021E-05  0.000000000000E+00  0.000000000000E+00
     10     4  5.711481452602E-05 -1.202127198030E-04  0.000000000000E+00  0.000000000000E+00
     10     3  1.062997306394E-04  2.764816256932E-04  0.000000000000E+00  0.000000000000E+00
     10     2 -2.657046520533E-04 -4.932781588433E-04  0.000000000000E+00  0.000000000000E+00
     10     1  2.740010590171E-04  6.003017922050E-04  0.000000000000E+00  0.000000000000E+00
     10     0 -3.922348554125E-04 -8.187093313994E-04  0.000000000000E+00  0.000000000000E+00
     10    -1  7.923844238223E-04  1.100741095084E-03  0.000000000000E+00  0.000000000000E+00
     10    -2 -1.542196829513E-04 -1.789103029047E-04  0.000000000000E+00  0.000000000000E+00
     10    -3 -2.456595255631E-03 -2.644820750915E-03  0.000000000000E+00  0.000000000000E+00
     10    -4 -2.037102289882E-03 -2.207778597722E-03  0.000000000000E+00  0.000000000000E+00
     10    -5 -1.664387370731E-04 -1.808199321223E-04  0.000000000000E+00  0.000000000000E+00
     10    -6  1.418928527869E-04  6.685009824132E-05  0.000000000000E+00  0.000000000000E+00
     10    -7 -1.345114374115E-04 -2.034954326501E-04  0.000000000000E+00  0.000000000000E+00
     10    -8  7.044974926974E-05  1.505427910857E-04  0.000000000000E+00  0.000000000000E+00
     10    -9 -1.613851980720E-05 -1.867274531850E-05  0.000000000000E+00  0.000000000000E+00
     10   -10  2.985013199091E-06 -8.015240768076E-07  0.000000000000E+00  0.000000000000E+00
     10   -11 -3.814394066081E-07  8.623563117738E-08  0.000000000000E+00  0.000000000000E+00
     10   -12 -2.374761740859E-06  1.164776312863E-06  0.000000000000E+00  0.000000000000E+00
     10   -13 -1.245421245500E-06 -1.199292916482E-06  0.000000000000E+00  0.000000000000E+00
     10   -14  2.029860107321E-06  1.265113144991E-06  0.000000000000E+00  0.000000000000E+00
     10   -15  1.994538744247E-06  2.630724000985E-06  0.000000000000E+00  0.000000000000E+00
     10   -16  3.137426510411E-07  4.711651474569E-07  0.000000000000E+00  0.000000000000E+00
     11    16 -5.432095863457E-07 -1.090052841020E-06  0.000000000000E+00  0.000000000000E+00
     11    15 -8.057603423602E-07 -1.962543871349E-06  0.000000000000E+00  0.000000000000E+00
     11    14 -1.820977029431E-06  1.992257110483E-06  0.000000000000E+00  0.000000000000E+00
     11    13  8.113935618237E-06 -7.276090546031E-06  0.000000000000E+00  0.000000000000E+00
     11    12  1.039515994186E-05 -1.040090410944E-05  0.000000000000E+00  0.000000000000E+00
     11    11  7.644084485138E-06 -1.184698237461E-05  0.000000000000E+00  0.000000000000E+00
     11    10  6.195805272137E-05 -6.225635393480E-05  0.000000000000E+00  0.000000000000E+00
     11     9  1.260269888176E-04 -1.178423472604E-04  0.000000000000E+00  0.000000000000E+00
     11     8  1.358706579701E-04 -1.232449499337E-04  0.000000000000E+00  0.000000000000E+00
     11     7  3.867704607895E-05 -2.809871259655E-05  0.000000000000E+00  0.000000000000E+00
     11     6 -9.063450457680E-05  5.290748204419E-05  0.000000000000E+00  0.000000000000E+00
     11     5 -4.351243201772E-05  9.479394694455E-05  0.000000000000E+00  0.000000000000E+00
     11     4 -9.273355868209E-05  2.188538915535E-05  0.000000000000E+00  0.000000000000E+00
     11     3  2.725127437070E-04  1.268704815608E-06  0.000000000000E+00  0.000000000000E+00
     11     2 -3.714107849964E-04 -1.628943183520E-04  0.000000000000E+00  0.000000000000E+00
     11     1  2.517612327925E-04  4.861937834405E-05  0.000000000000E+00  0.000000000000E+00
     11     0  3.418698130745E-04  6.381397890395E-04  0.000000000000E+00  0.000000000000E+00
     11    -1 -6.933525337871E-04 -1.141306728937E-03  0.000000000000E+00  0.000000000000E+00
     11    -2 -4.049521453460E-04 -6.823928999468E-05  0.000000000000E+00  0.000000000000E+00
     11    -3  5.461222172607E-04  7.503011482025E-04  0.000000000000E+00  0.000000000000E+00
     11    -4  1.295944078100E-03  1.043711883993E-03  0.000000000000E+00  0.000000000000E+00
     11    -5  1.195387787104E-03  9.514366848878E-04  0.000000000000E+00  0.000000000000E+00
     11    -6  1.988975576902E-04  5.268552050372E-05  0.000000000000E+00  0.000000000000E+00
     11    -7 -7.300562993153E-05 -1.009805531302E-04  0.000000000000E+00  0.000000000000E+00
     11    -8  1.343142879594E-04  8.719623894455E-05  0.000000000000E+00  0.000000000000E+00
     11    -9 -1.203780522320E-05 -6.672657901804E-05  0.000000000000E+00  0.000000000000E+00
     11   -10  1.345047363561E-05  1.486889215004E-05  0.000000000000E+00  0.000000000000E+00
     11   -11  1.393508769491E-06 -7.918598613803E-06  0.000000000000E+00  0.000000000000E+00
     11   -12 -1.824220504907E-06  1.294604220086E-06  0.000000000000E+00  0.000000000000E+00
     11   -13  8.983164380494E-07  6.602097736951E-07  0.000000000000E+00  0.000000000000E+00
     11   -14  1.843898844855E-06  7.865410446357E-07  0.000000000000E+00  0.000000000000E+00
     11   -15 -1.015736705052E-06  3.392530990402E-07  0.000000000000E+00  0.000000000000E+00
     11   -16 -5.432095863762E-07 -1.090052840988E-06  0.000000000000E+00  0.000000000000E+00
     12    16  7.809742456292E-08 -9.021589507240E-07  0.000000000000E+00  0.000000000000E+00
     12    15 -2.178395758232E-07  1.715762361489E-06  0.000000000000E+00  0.000000000000E+00
     12    14  9.742813617333E-07  2.131048255631E-06  0.000000000000E+00  0.000000000000E+00
     12    13  7.311685752007E-06 -5.641146669361E-06  0.000000000000E+00  0.000000000000E+00
     12    12 -4.979309025265E-06  5.922829205149E-06  0.000000000000E+00  0.000000000000E+00
     12    11 -3.448137657090E-06  7.097460862559E-06  0.000000000000E+00  0.000000000000E+00
     12    10  1.283082933920E-05 -7.617599632889E-06  0.000000000000E+00  0.000000000000E+00
     12     9 -5.716782326275E-05  6.854465667489E-05  0.000000000000E+00  0.000000000000E+00
     12     8 -1.858485549525E-04  1.796080829535E-04  0.000000000000E+00  0.000000000000E+00
     12     7 -2.445397864580E-04  2.346131354190E-04  0.000000000000E+00  0.000000000000E+00
     12     6 -7.053417489934E-05  7.949095682855E-05  0.000000000000E+00  0.000000000000E+00
     12     5  8.941904934673E-05 -1.574654549512E-04  0.000000000000E+00  0.000000000000E+00
     12     4  1.632697598409E-04  1.835531321496E-05  0.000000000000E+00  0.000000000000E+00
     12     3 -3.436021251364E-04 -1.000780675257E-04  0.000000000000E+00  0.000000000000E+00
     12     2  3.771017800228E-04  3.002612705889E-04  0.000000000000E+00  0.000000000000E+00
     12     1 -3.635706764303E-04 -3.787910434908E-04  0.000000000000E+00  0.000000000000E+00
     12     0  2.453000295830E-04  2.274261031411E-04  0.000000000000E+00  0.000000000000E+00
     12    -1 -1.151916758594E-04  3.974837612230E-05  0.000000000000E+00  0.000000000000E+00
     12    -2  5.780026358800E-05 -9.670774659342E-05  0.000000000000E+00  0.000000000000E+00
     12    -3  2.782771032395E-04  1.185727583455E-04  0.000000000000E+00  0.000000000000E+00
     12    -4  7.303484016404E-04  8.338273917374E-04  0.000000000000E+00  0.000000000000E+00
     12    -5  2.655433307478E-04  4.978880910641E-04  0.000000000000E+00  0.000000000000E+00
     12    -6 -2.515086745176E-04 -1.235755284970E-04  0.000000000000E+00  0.000000000000E+00
     12    -7 -5.128984154621E-05  1.297005892250E-04  0.000000000000E+00  0.000000000000E+00
     12    -8  6.613389352478E-05  1.112860665155E-04  0.000000000000E+00  0.000000000000E+00
     12    -9 -8.960152338360E-05 -5.317547297721E-05  0.000000000000E+00  0.000000000000E+00
     12   -10  4.698349105643E-06  3.816595029519E-05  0.000000000000E+00  0.000000000000E+00
     12   -11 -6.022361112358E-06 -1.054667559620E-05  0.000000000000E+00  0.000000000000E+00
     12   -12 -2.404838173152E-06  5.593415417790E-06  0.000000000000E+00  0.000000000000E+00
     12   -13  2.042855397533E-06 -2.009115935002E-06  0.000000000000E+00  0.000000000000E+00
     12   -14  2.118320657188E-07 -7.491651152161E-07  0.000000000000E+00  0.000000000000E+00
     12   -15 -2.321415779245E-06 -7.590684678197E-07  0.000000000000E+00  0.000000000000E+00
     12   -16  7.809742460954E-08 -9.021589507034E-07  0.000000000000E+00  0.000000000000E+00
     13    16  1.205721617847E-06 -2.128717179377E-08  0.000000000000E+00  0.000000000000E+00
     13    15 -3.819345769655E-07  2.848310571201E-06  0.000000000000E+00  0.000000000000E+00
     13    14  1.635030563265E-06 -1.163573591657E-06  0.000000000000E+00  0.000000000000E+00
     13    13 -5.845770001674E-07 -8.302379602345E-07  0.000000000000E+00  0.000000000000E+00
     13    12 -1.687321639993E-05  1.498862787673E-05  0.000000000000E+00  0.000000000000E+00
     13    11 -4.702530267689E-06  4.764802668110E-06  0.000000000000E+00  0.000000000000E+00
     13    10 -2.198376433260E-05  2.200226100218E-05  0.000000000000E+00  0.000000000000E+00
     13     9 -1.066899774764E-04  9.183539495402E-05  0.000000000000E+00  0.000000000000E+00
     13     8 -1.036230801001E-04  7.724885403930E-05  0.000000000000E+00  0.000000000000E+00
     13     7 -1.894274288828E-05 -7.052021188936E-06  0.000000000000E+00  0.000000000000E+00
     13     6  9.892823549482E-05 -8.553819240669E-05  0.000000000000E+00  0.000000000000E+00
     13     5  8.563943256678E-05 -3.399835220141E-05  0.000000000000E+00  0.000000000000E+00
     13     4 -6.947841142611E-06 -6.916897939838E-05  0.000000000000E+00  0.000000000000E+00
     13     3  1.160321046030E-04  3.960444640784E-05  0.000000000000E+00  0.000000000000E+00
     13     2 -2.654832799580E-04 -1.572925104342E-04  0.000000000000E+00  0.000000000000E+00
     13     1  3.556850860516E-04  4.362190072092E-04  0.000000000000E+00  0.000000000000E+00
     13     0 -3.818705454007E-04 -5.536839544859E-04  0.000000000000E+00  0.000000000000E+00
     13    -1 -4.904753172156E-05  4.074283583092E-05  0.000000000000E+00  0.000000000000E+00
     13    -2  5.961232965204E-04  6.915645603933E-04  0.000000000000E+00  0.000000000000E+00
     13    -3  7.189701841578E-05 -3.686761298104E-05  0.000000000000E+00  0.000000000000E+00
     13    -4 -8.694575990689E-04 -7.960988346666E-04  0.000000000000E+00  0.000000000000E+00
     13    -5 -1.207408888949E-03 -1.083913295425E-03  0.000000000000E+00  0.000000000000E+00
     13    -6 -6.867379413061E-04 -5.581724220945E-04  0.000000000000E+00  0.000000000000E+00
     13    -7 -8.759838750730E-06 -6.292007852947E-05  0.000000000000E+00  0.000000000000E+00
     13    -8 -1.338685528323E-06 -7.636591454797E-05  0.000000000000E+00  0.000000000000E+00
     13    -9 -4.976768417090E-05 -6.662828718655E-05  0.000000000000E+00  0.000000000000E+00
     13   -10  4.543531815452E-05  2.911904774350E-05  0.000000000000E+00  0.000000000000E+00
     13   -11 -5.755575864715E-06 -2.233670862049E-05  0.000000000000E+00  0.000000000000E+00
     13   -12  3.237930718826E-06  9.576903051850E-06  0.000000000000E+00  0.000000000000E+00
     13   -13  1.322164911082E-06 -2.432347779499E-06  0.000000000000E+00  0.000000000000E+00
     13   -14 -1.411759802099E-06 -1.668064834639E-07  0.000000000000E+00  0.000000000000E+00
     13   -15 -1.056830462514E-06  9.275646500742E-07  0.000000000000E+00  0.000000000000E+00
     13   -16  1.205721617820E-06 -2.128717186083E-08  0.000000000000E+00  0.000000000000E+00
     14    16  9.323981120472E-07 -2.159574805870E-07  0.000000000000E+00  0.000000000000E+00
     14    15 -2.416657011423E-06  1.578524410051E-06  0.000000000000E+00  0.000000000000E+00
     14    14  2.037173695192E-06 -4.416859940407E-06  0.000000000000E+00  0.000000000000E+00
     14    13 -3.932975092378E-06  6.874210721077E-07  0.000000000000E+00  0.000000000000E+00
     14    12 -2.223351940194E-06  2.472390462557E-06  0.000000000000E+00  0.000000000000E+00
     14    11  2.615750261263E-05 -2.466059205781E-05  0.000000000000E+00  0.000000000000E+00
     14    10  7.490610866162E-06 -1.556072127686E-05  0.000000000000E+00  0.000000000000E+00
     14     9  4.167524375583E-05 -4.605087354775E-05  0.000000000000E+00  0.000000000000E+00
     14     8  2.240035219174E-04 -2.199627760161E-04  0.000000000000E+00  0.000000000000E+00
     14     7  3.707204635314E-04 -3.227151522809E-04  0.000000000000E+00  0.000000000000E+00
     14     6  2.973574948816E-04 -3.011072925190E-04  0.000000000000E+00  0.000000000000E+00
     14     5 -2.100063853179E-05  4.813968634013E-05  0.000000000000E+00  0.000000000000E+00
     14     4 -2.621545308219E-04  1.977675427189E-04  0.000000000000E+00  0.000000000000E+00
     14     3  7.214305104878E-06  6.350493746038E-05  0.000000000000E+00  0.000000000000E+00
     14     2  1.735445990372E-04 -6.684497048596E-05  0.000000000000E+00  0.000000000000E+00
     14     1 -1.532894239867E-04 -2.111572177488E-04  0.000000000000E+00  0.000000000000E+00
     14     0  1.294401473019E-04  3.680954528808E-04  0.000000000000E+00  0.000000000000E+00
     14    -1  5.240960568678E-05 -1.549638987961E-04  0.000000000000E+00  0.000000000000E+00
     14    -2 -1.407813614303E-04 -1.116691263589E-04  0.000000000000E+00  0.000000000000E+00
     14    -3 -2.319359695132E-04 -1.618022225343E-04  0.000000000000E+00  0.000000000000E+00
     14    -4 -3.254448014369E-05 -9.533251669995E-06  0.000000000000E+00  0.000000000000E+00
     14    -5  1.051267266730E-04 -5.060489960017E-05  0.000000000000E+00  0.000000000000E+00
     14    -6  3.713725248199E-04  1.600757837991E-04  0.000000000000E+00  0.000000000000E+00
     14    -7  2.849822548860E-04  1.780063794822E-04  0.000000000000E+00  0.000000000000E+00
     14    -8 -3.117230989657E-05 -3.793356049179E-05  0.000000000000E+00  0.000000000000E+00
     14    -9 -1.063817616849E-05  1.377906115826E-05  0.000000000000E+00  0.000000000000E+00
     14   -10  3.503654938546E-05  3.747682258888E-05  0.000000000000E+00  0.000000000000E+00
     14   -11 -2.180185305582E-05 -1.794061962660E-05  0.000000000000E+00  0.000000000000E+00
     14   -12  5.610479124539E-06  1.020077194909E-05  0.000000000000E+00  0.000000000000E+00
     14   -13 -1.284883820994E-06 -6.513841055457E-06  0.000000000000E+00  0.000000000000E+00
     14   -14 -5.187863379480E-07  1.725936018369E-06  0.000000000000E+00  0.000000000000E+00
     14   -15  5.594626884919E-07  1.015705075938E-06  0.000000000000E+00  0.000000000000E+00
     14   -16  9.323981121983E-07 -2.159574805944E-07  0.000000000000E+00  0.000000000000E+00
     15    16  7.139429432628E-09 -7.709538175161E-07  0.000000000000E+00  0.000000000000E+00
     15    15 -2.722572742028E-06  6.243467234741E-07  0.000000000000E+00  0.000000000000E+00
     15    14  2.961778978505E-06 -3.528706456745E-06  0.000000000000E+00  0.000000000000E+00
     15    13 -5.534269414513E-06  6.774371942485E-06  0.000000000000E+00  0.000000000000E+00
     15    12  7.616188204735E-06 -3.540037355175E-06  0.000000000000E+00  0.000000000000E+00
     15    11  1.400654879065E-05 -1.181120910053E-05  0.000000000000E+00  0.000000000000E+00
     15    10 -2.309405459953E-05  2.124391039159E-05  0.000000000000E+00  0.000000000000E+00
     15     9  3.580417991508E-05 -2.161085633552E-05  0.000000000000E+00  0.000000000000E+00
     15     8  7.417296804400E-05 -3.868033554123E-05  0.000000000000E+00  0.000000000000E+00
     15     7 -1.141522164506E-04  1.460034775637E-04  0.000000000000E+00  0.000000000000E+00
     15     6 -2.537852804692E-04  2.899776183386E-04  0.000000000000E+00  0.000000000000E+00
     15     5 -2.438790565088E-04  1.562788167199E-04  0.000000000000E+00  0.000000000000E+00
     15     4  1.309393685983E-04 -3.844411477783E-05  0.000000000000E+00  0.000000000000E+00
     15     3 -6.755599958183E-05 -1.151780558899E-04  0.000000000000E+00  0.000000000000E+00
     15     2  2.849799622903E-05  1.894648944672E-04  0.000000000000E+00  0.000000000000E+00
     15     1 -3.439005769750E-05 -5.968277900578E-05  0.000000000000E+00  0.000000000000E+00
     15     0  8.632140131139E-06 -1.974504293101E-04  0.000000000000E+00  0.000000000000E+00
     15    -1  6.290263570252E-05  3.635464775683E-04  0.000000000000E+00  0.000000000000E+00
     15    -2  8.584485022063E-05 -1.526537362707E-04  0.000000000000E+00  0.000000000000E+00
     15    -3 -4.034110537152E-04 -3.049419825745E-04  0.000000000000E+00  0.000000000000E+00
     15    -4  2.130979712377E-04  1.577017628785E-04  0.000000000000E+00  0.000000000000E+00
     15    -5  5.919083374150E-04  6.222246954309E-04  0.000000000000E+00  0.000000000000E+00
     15    -6  5.908291409049E-04  6.135383159235E-04  0.000000000000E+00  0.000000000000E+00
     15    -7  1.479364819011E-04  2.029548219649E-04  0.000000000000E+00  0.000000000000E+00
     15    -8 -3.875296386928E-05  1.510342020975E-05  0.000000000000E+00  0.000000000000E+00
     15    -9  5.352099773382E-05  5.866201555348E-05  0.000000000000E+00  0.000000000000E+00
     15   -10  1.610925409343E-05  4.904997470214E-06  0.000000000000E+00  0.000000000000E+00
     15   -11 -2.068949456654E-05 -1.831258774010E-05  0.000000000000E+00  0.000000000000E+00
     15   -12  9.872200113631E-06  1.288753336962E-05  0.000000000000E+00  0.000000000000E+00
     15   -13 -5.243874616312E-06 -5.123557138737E-06  0.000000000000E+00  0.000000000000E+00
     15   -14  7.626994650324E-07  2.790472759994E-06  0.000000000000E+00  0.000000000000E+00
     15   -15  3.805494480555E-07 -4.583885394013E-07  0.000000000000E+00  0.000000000000E+00
     15   -16  7.139429433495E-09 -7.709538174950E-07  0.000000000000E+00  0.000000000000E+00
     16    16 -9.153691983121E-08  1.684280756504E-17  0.000000000000E+00  0.000000000000E+00
     16    15 -2.314861761131E-07  9.280311633591E-07  0.000000000000E+00  0.000000000000E+00
     16    14  1.932517324972E-06 -1.245004493828E-06  0.000000000000E+00  0.000000000000E+00
     16    13 -2.393946114903E-06  3.522955743298E-06  0.000000000000E+00  0.000000000000E+00
     16    12  5.833145303929E-06 -4.602182342874E-06  0.000000000000E+00  0.000000000000E+00
     16    11 -6.950191754167E-06  3.101514673373E-06  0.000000000000E+00  0.000000000000E+00
     16    10 -1.777011784955E-05  1.593907046428E-05  0.000000000000E+00  0.000000000000E+00
     16     9  3.099157164596E-06  4.219109093441E-06  0.000000000000E+00  0.000000000000E+00
     16     8 -7.605119435272E-05  6.921908309278E-05  0.000000000000E+00  0.000000000000E+00
     16     7 -2.005982923898E-04  1.759186129589E-04  0.000000000000E+00  0.000000000000E+00
     16     6 -2.116009912388E-04  1.564469404084E-04  0.000000000000E+00  0.000000000000E+00
     16     5 -8.526827235902E-05  1.178591458165E-04  0.000000000000E+00  0.000000000000E+00
     16     4  6.436026598957E-05 -9.936162658726E-05  0.000000000000E+00  0.000000000000E+00
     16     3  1.769555098076E-04 -7.475929213975E-05  0.000000000000E+00  0.000000000000E+00
     16     2 -9.838526125616E-05 -7.536395198618E-05  0.000000000000E+00  0.000000000000E+00
     16     1  9.590794366021E-06  1.366963837498E-04  0.000000000000E+00  0.000000000000E+00
     16     0 -1.867012142540E-05  6.954145593672E-17  0.000000000000E+00  0.000000000000E+00
     16    -1  9.590794366027E-06 -1.366963837498E-04  0.000000000000E+00  0.000000000000E+00
     16    -2 -9.838526125615E-05  7.536395198621E-05  0.000000000000E+00  0.000000000000E+00
     16    -3  1.769555098076E-04  7.475929213973E-05  0.000000000000E+00  0.000000000000E+00
     16    -4  6.436026598954E-05  9.936162658729E-05  0.000000000000E+00  0.000000000000E+00
     16    -5 -8.526827235901E-05 -1.178591458165E-04  0.000000000000E+00  0.000000000000E+00
     16    -6 -2.116009912388E-04 -1.564469404084E-04  0.000000000000E+00  0.000000000000E+00
     16    -7 -2.005982923897E-04 -1.759186129589E-04  0.000000000000E+00  0.000000000000E+00
     16    -8 -7.605119435283E-05 -6.921908309276E-05  0.000000000000E+00  0.000000000000E+00
     16    -9  3.099157164539E-06 -4.219109093465E-06  0.000000000000E+00  0.000000000000E+00
     16   -10 -1.777011784954E-05 -1.593907046426E-05  0.000000000000E+00  0.000000000000E+00
     16   -11 -6.950191754101E-06 -3.101514673370E-06  0.000000000000E+00  0.000000000000E+00
     16   -12  5.833145303589E-06  4.602182342876E-06  0.000000000000E+00  0.000000000000E+00
     16   -13 -2.393946114927E-06 -3.522955743279E-06  0.000000000000E+00  0.000000000000E+00
     16   -14  1.932517324897E-06  1.245004493811E-06  0.000000000000E+00  0.000000000000E+00
     16   -15 -2.314861762801E-07 -9.280311633276E-07  0.000000000000E+00  0.000000000000E+00
     16   -16 -9.153691983121E-08  9.862095604050E-18  0.000000000000E+00  0.000000000000E+00
