------ Plasma information from VMEC ----
np     iota_edge       phip_edge       curpol
     3  0.000000000000E+00  0.000000000000E+00  4.972592538028E+00

------ Current Surface: Coil-Plasma separation =   2.891952330440E-01 -----
Number of fourier modes in table
         545
Table of fourier coefficients
m,n,crc2,czs2,crs2,czc2
      0     0  1.397593741513E+00  0.000000000000E+00  0.000000000000E+00  0.000000000000E+00
      0    -1  1.286357246895E-02 -2.189469599795E-02  0.000000000000E+00  0.000000000000E+00
      0    -2  8.665278750565E-04  7.467448489667E-03  0.000000000000E+00  0.000000000000E+00
      0    -3  4.019495866685E-03 -3.588337432259E-03  0.000000000000E+00  0.000000000000E+00
      0    -4 -1.091568783263E-03  1.449177790823E-03  0.000000000000E+00  0.000000000000E+00
      0    -5  1.139779166398E-04 -5.032483358243E-04  0.000000000000E+00  0.000000000000E+00
      0    -6 -5.804710485157E-05  2.550620957603E-04  0.000000000000E+00  0.000000000000E+00
      0    -7 -1.159953774315E-04  1.506496464578E-04  0.000000000000E+00  0.000000000000E+00
      0    -8  2.903295061845E-05 -4.968584830771E-05  0.000000000000E+00  0.000000000000E+00
      0    -9 -2.548337849420E-05 -4.255905605703E-07  0.000000000000E+00  0.000000000000E+00
      0   -10  6.495807619590E-06 -3.173751329022E-05  0.000000000000E+00  0.000000000000E+00
      0   -11 -9.970293730018E-06 -2.375327741254E-05  0.000000000000E+00  0.000000000000E+00
      0   -12  2.049969259493E-06  7.162842225823E-06  0.000000000000E+00  0.000000000000E+00
      0   -13  1.617025816129E-05  1.063214375688E-05  0.000000000000E+00  0.000000000000E+00
      0   -14 -9.891666257465E-07  5.179769330272E-06  0.000000000000E+00  0.000000000000E+00
      0   -15 -1.470280918797E-05 -8.050923760852E-06  0.000000000000E+00  0.000000000000E+00
      0   -16 -8.702288054882E-06 -3.776749022855E-18  0.000000000000E+00  0.000000000000E+00
      1    16  2.620857318557E-06  1.510128262391E-06  0.000000000000E+00  0.000000000000E+00
      1    15  1.516931816295E-05 -5.939420621035E-06  0.000000000000E+00  0.000000000000E+00
      1    14  2.233693153505E-05 -1.714391465120E-05  0.000000000000E+00  0.000000000000E+00
      1    13  1.085652704178E-05 -4.455772411050E-06  0.000000000000E+00  0.000000000000E+00
      1    12 -1.325171261684E-05  1.675267258440E-05  0.000000000000E+00  0.000000000000E+00
      1    11 -7.816843812596E-06  1.563832042873E-05  0.000000000000E+00  0.000000000000E+00
      1    10  1.491829084799E-05 -1.046909439851E-05  0.000000000000E+00  0.000000000000E+00
      1     9 -8.511300207803E-06 -4.035095228800E-05  0.000000000000E+00  0.000000000000E+00
      1     8  4.540992783941E-05 -2.900894192911E-05  0.000000000000E+00  0.000000000000E+00
      1     7 -1.901987268580E-05  5.379799224415E-05  0.000000000000E+00  0.000000000000E+00
      1     6  1.574624423302E-04 -4.065195597794E-05  0.000000000000E+00  0.000000000000E+00
      1     5  1.060824382953E-04  3.165923803685E-04  0.000000000000E+00  0.000000000000E+00
      1     4 -5.457149115296E-04 -2.695495353290E-04  0.000000000000E+00  0.000000000000E+00
      1     3  3.229300295784E-03  2.573090552974E-03  0.000000000000E+00  0.000000000000E+00
      1     2 -1.114424696635E-02 -3.739408116216E-03  0.000000000000E+00  0.000000000000E+00
      1     1 -1.689526604198E-02 -4.282430635458E-02  0.000000000000E+00  0.000000000000E+00
      1     0  5.893721145983E-01  6.935967131069E-01  0.000000000000E+00  0.000000000000E+00
      1    -1 -4.921530352528E-02  1.413931106913E-01  0.000000000000E+00  0.000000000000E+00
      1    -2 -1.200990275933E-02  1.763480018865E-02  0.000000000000E+00  0.000000000000E+00
      1    -3 -3.923912183252E-03  8.292848658700E-04  0.000000000000E+00  0.000000000000E+00
      1    -4  4.785249843955E-04  1.484632347981E-03  0.000000000000E+00  0.000000000000E+00
      1    -5 -3.445363218560E-04 -3.409623869211E-04  0.000000000000E+00  0.000000000000E+00
      1    -6  2.743745122558E-04 -1.683409664570E-05  0.000000000000E+00  0.000000000000E+00
      1    -7  1.188590879444E-04 -1.656643315707E-04  0.000000000000E+00  0.000000000000E+00
      1    -8  6.735476614606E-05 -2.857895011320E-05  0.000000000000E+00  0.000000000000E+00
      1    -9 -2.528252442106E-05  1.763079965117E-05  0.000000000000E+00  0.000000000000E+00
      1   -10 -7.625159978387E-06 -5.580738547884E-06  0.000000000000E+00  0.000000000000E+00
      1   -11  1.132768166582E-06  1.977062156424E-05  0.000000000000E+00  0.000000000000E+00
      1   -12  4.854565600614E-06  2.585868172391E-05  0.000000000000E+00  0.000000000000E+00
      1   -13 -5.314078600283E-06 -1.462241040919E-06  0.000000000000E+00  0.000000000000E+00
      1   -14 -1.827378509914E-05 -9.927500804025E-06  0.000000000000E+00  0.000000000000E+00
      1   -15 -8.376094242762E-06 -5.726369676667E-06  0.000000000000E+00  0.000000000000E+00
      1   -16  2.620857318560E-06  1.510128262391E-06  0.000000000000E+00  0.000000000000E+00
      2    16  7.359176631594E-06 -1.159553666465E-07  0.000000000000E+00  0.000000000000E+00
      2    15  6.410972315045E-06 -5.949123692405E-06  0.000000000000E+00  0.000000000000E+00
      2    14 -8.204775271570E-06  4.567164838348E-06  0.000000000000E+00  0.000000000000E+00
      2    13 -2.485393184166E-05  2.622287028351E-05  0.000000000000E+00  0.000000000000E+00
      2    12 -1.433955363370E-05  1.057197493397E-05  0.000000000000E+00  0.000000000000E+00
      2    11  8.278431576112E-06 -2.219814652087E-05  0.000000000000E+00  0.000000000000E+00
      2    10  1.661116748444E-05 -2.440045148282E-05  0.000000000000E+00  0.000000000000E+00
      2     9 -3.275905427215E-05  3.097591737015E-06  0.000000000000E+00  0.000000000000E+00
      2     8  2.779307016537E-05  2.783473623356E-05  0.000000000000E+00  0.000000000000E+00
      2     7 -5.424126666011E-05  1.835597104655E-05  0.000000000000E+00  0.000000000000E+00
      2     6 -1.270165043644E-04 -1.536519053018E-04  0.000000000000E+00  0.000000000000E+00
      2     5 -4.961117376629E-05 -1.890404255862E-04  0.000000000000E+00  0.000000000000E+00
      2     4  4.601512128963E-04  3.974279735981E-04  0.000000000000E+00  0.000000000000E+00
      2     3 -7.170969622213E-04 -9.754130087096E-04  0.000000000000E+00  0.000000000000E+00
      2     2 -7.737451039306E-03 -7.397875709532E-03  0.000000000000E+00  0.000000000000E+00
      2     1  2.450115946705E-02  2.325656696661E-02  0.000000000000E+00  0.000000000000E+00
      2     0  6.111775832254E-02  5.363714876084E-02  0.000000000000E+00  0.000000000000E+00
      2    -1  6.082466517829E-02  5.353051603665E-02  0.000000000000E+00  0.000000000000E+00
      2    -2  3.575001608183E-02  1.572288208975E-02  0.000000000000E+00  0.000000000000E+00
      2    -3  5.645321570589E-03 -5.471527607792E-03  0.000000000000E+00  0.000000000000E+00
      2    -4  1.840100078840E-03 -1.219956628351E-03  0.000000000000E+00  0.000000000000E+00
      2    -5 -9.240135471877E-04 -2.975738869330E-04  0.000000000000E+00  0.000000000000E+00
      2    -6  2.747590244346E-04 -9.732878229422E-05  0.000000000000E+00  0.000000000000E+00
      2    -7 -1.559170849785E-04  1.100874790047E-04  0.000000000000E+00  0.000000000000E+00
      2    -8 -6.635189418503E-05  5.820967650141E-05  0.000000000000E+00  0.000000000000E+00
      2    -9 -2.353718685812E-05  9.112645552332E-06  0.000000000000E+00  0.000000000000E+00
      2   -10  2.897803032726E-05  6.714118530479E-06  0.000000000000E+00  0.000000000000E+00
      2   -11  1.549393314861E-05  4.219881021919E-06  0.000000000000E+00  0.000000000000E+00
      2   -12  3.331874334269E-06 -6.606261922077E-06  0.000000000000E+00  0.000000000000E+00
      2   -13 -2.962444391030E-06 -1.773643629359E-05  0.000000000000E+00  0.000000000000E+00
      2   -14  5.472307126665E-06 -3.634980500775E-06  0.000000000000E+00  0.000000000000E+00
      2   -15  1.558881555181E-05  4.949689501453E-06  0.000000000000E+00  0.000000000000E+00
      2   -16  7.359176631573E-06 -1.159553667001E-07  0.000000000000E+00  0.000000000000E+00
      3    16 -5.132640067113E-06 -2.848848044450E-07  0.000000000000E+00  0.000000000000E+00
      3    15 -1.794609014762E-05  7.575094200466E-06  0.000000000000E+00  0.000000000000E+00
      3    14 -1.939422146752E-05  1.833509227686E-05  0.000000000000E+00  0.000000000000E+00
      3    13 -6.407515677121E-06  4.459683849729E-06  0.000000000000E+00  0.000000000000E+00
      3    12  2.257727209821E-05 -2.266085217365E-05  0.000000000000E+00  0.000000000000E+00
      3    11  1.962449816779E-05 -2.690241025120E-05  0.000000000000E+00  0.000000000000E+00
      3    10  1.351316663093E-05  2.649754780604E-05  0.000000000000E+00  0.000000000000E+00
      3     9 -2.962895016135E-05  2.008919268436E-05  0.000000000000E+00  0.000000000000E+00
      3     8  3.742275079125E-05  1.442792777822E-05  0.000000000000E+00  0.000000000000E+00
      3     7  2.328118248222E-05  2.554358252926E-05  0.000000000000E+00  0.000000000000E+00
      3     6 -9.395159061267E-05 -1.722134916422E-04  0.000000000000E+00  0.000000000000E+00
      3     5  4.218917617398E-05  3.476835435533E-04  0.000000000000E+00  0.000000000000E+00
      3     4 -3.914616990408E-05  2.190369079730E-04  0.000000000000E+00  0.000000000000E+00
      3     3 -1.822167469541E-03 -1.747921890111E-03  0.000000000000E+00  0.000000000000E+00
      3     2  3.678556558420E-03  2.563236332982E-03  0.000000000000E+00  0.000000000000E+00
      3     1  7.629312203807E-04  8.027101916167E-03  0.000000000000E+00  0.000000000000E+00
      3     0 -1.396620379899E-02 -2.836770418348E-02  0.000000000000E+00  0.000000000000E+00
      3    -1 -6.889276255869E-02 -5.792025134168E-02  0.000000000000E+00  0.000000000000E+00
      3    -2 -1.923089955199E-02 -8.463846368211E-03  0.000000000000E+00  0.000000000000E+00
      3    -3 -5.157556442265E-03 -9.180691594743E-03  0.000000000000E+00  0.000000000000E+00
      3    -4 -2.608927057293E-03  3.874923284348E-03  0.000000000000E+00  0.000000000000E+00
      3    -5 -4.746681780162E-04  6.650600607916E-04  0.000000000000E+00  0.000000000000E+00
      3    -6  3.742525248101E-04 -3.057765299040E-04  0.000000000000E+00  0.000000000000E+00
      3    -7 -3.236002245427E-05  1.876767068613E-04  0.000000000000E+00  0.000000000000E+00
      3    -8  1.035669206621E-04 -1.040313111259E-04  0.000000000000E+00  0.000000000000E+00
      3    -9  9.545335650260E-06 -1.026680501964E-05  0.000000000000E+00  0.000000000000E+00
      3   -10  7.264433594686E-06 -7.258685776700E-06  0.000000000000E+00  0.000000000000E+00
      3   -11 -2.058897701013E-05 -8.915456036814E-06  0.000000000000E+00  0.000000000000E+00
      3   -12 -1.835693672928E-05 -6.579279625569E-06  0.000000000000E+00  0.000000000000E+00
      3   -13 -2.912793131495E-06 -2.713400577427E-06  0.000000000000E+00  0.000000000000E+00
      3   -14  6.910156178893E-06  1.134974843797E-05  0.000000000000E+00  0.000000000000E+00
      3   -15  7.900133562480E-07  5.448495836897E-06  0.000000000000E+00  0.000000000000E+00
      3   -16 -5.132640067111E-06 -2.848848044333E-07  0.000000000000E+00  0.000000000000E+00
      4    16 -4.337850894068E-06 -8.530610291246E-07  0.000000000000E+00  0.000000000000E+00
      4    15  1.548838027952E-06  3.159743764946E-06  0.000000000000E+00  0.000000000000E+00
      4    14  1.618309760668E-05 -1.147439897574E-05  0.000000000000E+00  0.000000000000E+00
      4    13  3.203321467878E-05 -3.193809486960E-05  0.000000000000E+00  0.000000000000E+00
      4    12  2.244752973618E-05 -2.375260125526E-05  0.000000000000E+00  0.000000000000E+00
      4    11 -2.263040909675E-05  2.588492953017E-05  0.000000000000E+00  0.000000000000E+00
      4    10 -2.794226003568E-05  3.002532822320E-05  0.000000000000E+00  0.000000000000E+00
      4     9 -1.968410230374E-05 -1.612708826043E-05  0.000000000000E+00  0.000000000000E+00
      4     8  4.299189587047E-05 -5.650567261769E-05  0.000000000000E+00  0.000000000000E+00
      4     7 -5.300130523863E-05  3.519123889521E-05  0.000000000000E+00  0.000000000000E+00
      4     6 -3.680553942675E-05 -1.833076631063E-04  0.000000000000E+00  0.000000000000E+00
      4     5  1.882665301782E-04  2.441251081771E-04  0.000000000000E+00  0.000000000000E+00
      4     4 -2.005158453924E-04 -3.683948015210E-04  0.000000000000E+00  0.000000000000E+00
      4     3 -2.316462949800E-04 -6.093622323772E-04  0.000000000000E+00  0.000000000000E+00
      4     2  4.448581487051E-03  4.266594045644E-03  0.000000000000E+00  0.000000000000E+00
      4     1 -9.244711656011E-03 -8.321313549982E-03  0.000000000000E+00  0.000000000000E+00
      4     0  5.317724746169E-03  1.038680632302E-02  0.000000000000E+00  0.000000000000E+00
      4    -1  2.218858258769E-02  1.407541004375E-02  0.000000000000E+00  0.000000000000E+00
      4    -2  2.916575250101E-02  2.071698109985E-02  0.000000000000E+00  0.000000000000E+00
      4    -3  2.818302997440E-03 -2.642639588786E-03  0.000000000000E+00  0.000000000000E+00
      4    -4  1.537183406312E-04  5.137710614986E-03  0.000000000000E+00  0.000000000000E+00
      4    -5  9.927982901278E-04 -1.619033870491E-03  0.000000000000E+00  0.000000000000E+00
      4    -6 -1.370803461210E-04 -1.050586074256E-04  0.000000000000E+00  0.000000000000E+00
      4    -7 -1.341764602589E-04  3.941818530301E-05  0.000000000000E+00  0.000000000000E+00
      4    -8 -8.421595864111E-05 -1.487884512635E-05  0.000000000000E+00  0.000000000000E+00
      4    -9 -2.893915178976E-05  1.676534755403E-05  0.000000000000E+00  0.000000000000E+00
      4   -10  7.015365394221E-06  4.432498228592E-06  0.000000000000E+00  0.000000000000E+00
      4   -11 -2.618350528349E-07 -4.156387831385E-06  0.000000000000E+00  0.000000000000E+00
      4   -12  1.156788027804E-05  5.589239270606E-06  0.000000000000E+00  0.000000000000E+00
      4   -13  1.228640579236E-05  9.340848155102E-06  0.000000000000E+00  0.000000000000E+00
      4   -14 -8.000425616047E-07  4.925262438198E-06  0.000000000000E+00  0.000000000000E+00
      4   -15 -1.197430086436E-05 -2.878953948320E-06  0.000000000000E+00  0.000000000000E+00
      4   -16 -4.337850894029E-06 -8.530610291354E-07  0.000000000000E+00  0.000000000000E+00
      5    16  7.419354195730E-06 -2.104820702732E-06  0.000000000000E+00  0.000000000000E+00
      5    15  1.707797794308E-05 -6.663565196020E-06  0.000000000000E+00  0.000000000000E+00
      5    14  1.117141875947E-05 -1.528172231754E-05  0.000000000000E+00  0.000000000000E+00
      5    13 -5.554017581897E-06  3.060282762574E-06  0.000000000000E+00  0.000000000000E+00
      5    12 -3.668725853515E-05  4.025050155113E-05  0.000000000000E+00  0.000000000000E+00
      5    11 -3.655550885341E-05  3.386743170481E-05  0.000000000000E+00  0.000000000000E+00
      5    10  5.898586823743E-06 -5.375499159878E-06  0.000000000000E+00  0.000000000000E+00
      5     9  1.053079145392E-05 -4.029306757241E-05  0.000000000000E+00  0.000000000000E+00
      5     8  3.274153465256E-05  6.309077389423E-05  0.000000000000E+00  0.000000000000E+00
      5     7 -7.674662582569E-05 -2.364238051598E-05  0.000000000000E+00  0.000000000000E+00
      5     6  4.804218139823E-06 -7.146129030092E-05  0.000000000000E+00  0.000000000000E+00
      5     5  3.008531507849E-04  4.953835109245E-04  0.000000000000E+00  0.000000000000E+00
      5     4 -6.303059237299E-04 -4.941990973680E-04  0.000000000000E+00  0.000000000000E+00
      5     3  1.396297872292E-03  1.100897886688E-04  0.000000000000E+00  0.000000000000E+00
      5     2 -4.941714851561E-03 -1.827837953067E-03  0.000000000000E+00  0.000000000000E+00
      5     1  1.159963716576E-02  7.814080436743E-03  0.000000000000E+00  0.000000000000E+00
      5     0 -1.609958384269E-02 -1.604363734590E-02  0.000000000000E+00  0.000000000000E+00
      5    -1  2.424577614551E-02  2.467233841991E-02  0.000000000000E+00  0.000000000000E+00
      5    -2  1.354384692042E-02  1.176082275733E-02  0.000000000000E+00  0.000000000000E+00
      5    -3 -7.128146538369E-03 -6.778797478163E-03  0.000000000000E+00  0.000000000000E+00
      5    -4  3.205486928080E-03  3.209556049161E-03  0.000000000000E+00  0.000000000000E+00
      5    -5  4.131102860440E-04 -2.018921760722E-03  0.000000000000E+00  0.000000000000E+00
      5    -6  6.204544265840E-05  2.253486082208E-04  0.000000000000E+00  0.000000000000E+00
      5    -7  1.425635324371E-04  2.807359001031E-04  0.000000000000E+00  0.000000000000E+00
      5    -8  2.336605452225E-05 -9.807919918573E-05  0.000000000000E+00  0.000000000000E+00
      5    -9  8.790637625673E-05 -1.259437162535E-05  0.000000000000E+00  0.000000000000E+00
      5   -10 -1.193114521995E-05  7.451797504009E-06  0.000000000000E+00  0.000000000000E+00
      5   -11 -4.616279013876E-06  7.194914199127E-07  0.000000000000E+00  0.000000000000E+00
      5   -12 -2.296960534130E-06  1.285313771611E-05  0.000000000000E+00  0.000000000000E+00
      5   -13 -2.106308795747E-06 -3.206461376089E-06  0.000000000000E+00  0.000000000000E+00
      5   -14 -6.921122020743E-06 -7.313004353681E-06  0.000000000000E+00  0.000000000000E+00
      5   -15  1.790326607465E-06 -7.602521453174E-06  0.000000000000E+00  0.000000000000E+00
      5   -16  7.419354195750E-06 -2.104820702720E-06  0.000000000000E+00  0.000000000000E+00
      6    16 -4.121817181882E-08  2.890120997861E-06  0.000000000000E+00  0.000000000000E+00
      6    15 -1.385667637794E-05  4.769485525625E-06  0.000000000000E+00  0.000000000000E+00
      6    14 -2.202820460749E-05  1.510601368307E-05  0.000000000000E+00  0.000000000000E+00
      6    13 -2.814858410344E-05  3.508285677066E-05  0.000000000000E+00  0.000000000000E+00
      6    12 -1.528272207491E-05  2.003598431902E-05  0.000000000000E+00  0.000000000000E+00
      6    11  3.561398360620E-05 -2.954434264907E-05  0.000000000000E+00  0.000000000000E+00
      6    10  5.751180980433E-05 -6.370638336161E-05  0.000000000000E+00  0.000000000000E+00
      6     9  2.740085273331E-05  1.012715477377E-05  0.000000000000E+00  0.000000000000E+00
      6     8 -2.922791022587E-05 -9.531505487643E-08  0.000000000000E+00  0.000000000000E+00
      6     7  1.891980852768E-06  3.603271390493E-05  0.000000000000E+00  0.000000000000E+00
      6     6  1.409252450583E-05 -1.310052896959E-04  0.000000000000E+00  0.000000000000E+00
      6     5  6.291033625664E-05  2.810962722139E-04  0.000000000000E+00  0.000000000000E+00
      6     4 -9.982907207143E-05 -5.030949291842E-04  0.000000000000E+00  0.000000000000E+00
      6     3 -5.130041576539E-04  9.799499145792E-05  0.000000000000E+00  0.000000000000E+00
      6     2  1.962893565025E-03  1.067345034600E-03  0.000000000000E+00  0.000000000000E+00
      6     1 -3.296967646602E-03  4.387517344865E-04  0.000000000000E+00  0.000000000000E+00
      6     0  8.821627839938E-03  4.025777195951E-03  0.000000000000E+00  0.000000000000E+00
      6    -1 -1.077230358439E-02 -9.282009872267E-03  0.000000000000E+00  0.000000000000E+00
      6    -2 -1.915588573424E-02 -1.222932768890E-02  0.000000000000E+00  0.000000000000E+00
      6    -3 -1.207177499986E-02 -8.653761550334E-03  0.000000000000E+00  0.000000000000E+00
      6    -4  1.334243860315E-03  2.612490295068E-03  0.000000000000E+00  0.000000000000E+00
      6    -5 -3.208152484352E-03 -1.821611191277E-03  0.000000000000E+00  0.000000000000E+00
      6    -6  7.093139719777E-05  7.428619151498E-04  0.000000000000E+00  0.000000000000E+00
      6    -7 -5.103734457366E-04  4.097106032587E-05  0.000000000000E+00  0.000000000000E+00
      6    -8 -1.198850898336E-05 -1.444489767098E-04  0.000000000000E+00  0.000000000000E+00
      6    -9  7.235411373427E-06  2.452511699978E-05  0.000000000000E+00  0.000000000000E+00
      6   -10 -5.598790429441E-05  3.073506771837E-05  0.000000000000E+00  0.000000000000E+00
      6   -11  2.447636614703E-05 -1.602272510343E-05  0.000000000000E+00  0.000000000000E+00
      6   -12 -1.628566685958E-06  2.381293199310E-06  0.000000000000E+00  0.000000000000E+00
      6   -13  1.520338892452E-06 -1.576197573843E-05  0.000000000000E+00  0.000000000000E+00
      6   -14 -8.052008414913E-08 -1.271004523499E-06  0.000000000000E+00  0.000000000000E+00
      6   -15  5.594268747360E-06  4.641053643245E-06  0.000000000000E+00  0.000000000000E+00
      6   -16 -4.121817186468E-08  2.890120997882E-06  0.000000000000E+00  0.000000000000E+00
      7    16 -3.897598130978E-06  5.317339170579E-07  0.000000000000E+00  0.000000000000E+00
      7    15 -5.749803030840E-06  3.367001718188E-06  0.000000000000E+00  0.000000000000E+00
      7    14  4.676358056013E-06  4.415358843905E-06  0.000000000000E+00  0.000000000000E+00
      7    13  1.907855218646E-05 -1.345284207704E-05  0.000000000000E+00  0.000000000000E+00
      7    12  4.166560880743E-05 -5.379961334218E-05  0.000000000000E+00  0.000000000000E+00
      7    11  3.895045423773E-05 -5.740809704521E-05  0.000000000000E+00  0.000000000000E+00
      7    10 -2.258274467472E-05  2.075532776846E-05  0.000000000000E+00  0.000000000000E+00
      7     9 -5.008037478507E-05  4.654247693638E-05  0.000000000000E+00  0.000000000000E+00
      7     8 -7.541469034198E-06 -9.754704578641E-06  0.000000000000E+00  0.000000000000E+00
      7     7  3.548819722130E-05 -5.543210941351E-05  0.000000000000E+00  0.000000000000E+00
      7     6 -3.015775562432E-05 -2.430155474405E-05  0.000000000000E+00  0.000000000000E+00
      7     5  1.127273589955E-04  5.014260625588E-05  0.000000000000E+00  0.000000000000E+00
      7     4 -2.437414543426E-04 -3.663918899797E-05  0.000000000000E+00  0.000000000000E+00
      7     3  5.428770591112E-05 -8.771097571189E-04  0.000000000000E+00  0.000000000000E+00
      7     2 -8.036481080338E-05  3.110299685904E-03  0.000000000000E+00  0.000000000000E+00
      7     1  1.400439891189E-03 -5.307092969729E-03  0.000000000000E+00  0.000000000000E+00
      7     0 -2.251474804344E-03  3.892961504830E-03  0.000000000000E+00  0.000000000000E+00
      7    -1  1.162236568865E-03  1.243717723859E-03  0.000000000000E+00  0.000000000000E+00
      7    -2 -3.476003094257E-03 -5.930905637366E-03  0.000000000000E+00  0.000000000000E+00
      7    -3  3.955485029286E-03  2.317702337287E-03  0.000000000000E+00  0.000000000000E+00
      7    -4  5.267060976726E-03  4.761134742855E-03  0.000000000000E+00  0.000000000000E+00
      7    -5 -4.053183042756E-04 -1.121991792837E-03  0.000000000000E+00  0.000000000000E+00
      7    -6  1.946431189241E-03  7.482474563271E-04  0.000000000000E+00  0.000000000000E+00
      7    -7 -1.920175006378E-04  3.667212918934E-04  0.000000000000E+00  0.000000000000E+00
      7    -8  3.483364438100E-04 -2.051255860707E-04  0.000000000000E+00  0.000000000000E+00
      7    -9  4.159569843107E-06  6.136764018492E-05  0.000000000000E+00  0.000000000000E+00
      7   -10 -1.029562332456E-05  7.783152510801E-06  0.000000000000E+00  0.000000000000E+00
      7   -11  1.632056727027E-05 -2.249657919592E-05  0.000000000000E+00  0.000000000000E+00
      7   -12 -1.307271133379E-05  8.647950216856E-06  0.000000000000E+00  0.000000000000E+00
      7   -13 -1.026166648729E-07 -1.404628757982E-06  0.000000000000E+00  0.000000000000E+00
      7   -14  1.270825820642E-06  1.136787548854E-05  0.000000000000E+00  0.000000000000E+00
      7   -15 -9.586354136006E-07  6.574723866405E-06  0.000000000000E+00  0.000000000000E+00
      7   -16 -3.897598130954E-06  5.317339170557E-07  0.000000000000E+00  0.000000000000E+00
      8    16  1.493214211712E-06 -4.044717525478E-06  0.000000000000E+00  0.000000000000E+00
      8    15  1.377149282210E-05 -8.276237367703E-06  0.000000000000E+00  0.000000000000E+00
      8    14  1.657714936101E-05 -1.621081317037E-05  0.000000000000E+00  0.000000000000E+00
      8    13  1.348753544733E-05 -2.841099251858E-05  0.000000000000E+00  0.000000000000E+00
      8    12  1.601859464508E-06 -7.232982732913E-06  0.000000000000E+00  0.000000000000E+00
      8    11 -4.392121061579E-05  6.094907783331E-05  0.000000000000E+00  0.000000000000E+00
      8    10 -7.352115858127E-05  9.062330213319E-05  0.000000000000E+00  0.000000000000E+00
      8     9 -2.814076258772E-05  2.187641804390E-05  0.000000000000E+00  0.000000000000E+00
      8     8  1.140437909586E-05 -2.444194034559E-05  0.000000000000E+00  0.000000000000E+00
      8     7  8.456449654853E-06  5.690651857898E-05  0.000000000000E+00  0.000000000000E+00
      8     6 -1.062263926066E-04 -8.379004276041E-05  0.000000000000E+00  0.000000000000E+00
      8     5  1.248147366355E-04  2.993320119984E-04  0.000000000000E+00  0.000000000000E+00
      8     4 -2.572427325387E-04 -6.212085061262E-04  0.000000000000E+00  0.000000000000E+00
      8     3  4.809864674646E-04  1.443080470114E-03  0.000000000000E+00  0.000000000000E+00
      8     2 -1.043819669068E-03 -2.981217944159E-03  0.000000000000E+00  0.000000000000E+00
      8     1  3.356641821692E-03  5.717960682011E-03  0.000000000000E+00  0.000000000000E+00
      8     0 -6.032245351938E-03 -7.467380333437E-03  0.000000000000E+00  0.000000000000E+00
      8    -1  9.659673627203E-04 -6.613278273520E-05  0.000000000000E+00  0.000000000000E+00
      8    -2  7.930887136455E-03  8.638846866615E-03  0.000000000000E+00  0.000000000000E+00
      8    -3  8.213618439248E-03  7.548921420665E-03  0.000000000000E+00  0.000000000000E+00
      8    -4  8.278956439324E-05 -2.531829904921E-04  0.000000000000E+00  0.000000000000E+00
      8    -5 -1.708206200252E-03 -2.090370783333E-03  0.000000000000E+00  0.000000000000E+00
      8    -6  2.795050463585E-04  6.744727732158E-04  0.000000000000E+00  0.000000000000E+00
      8    -7 -7.028133763459E-04  3.564331270635E-05  0.000000000000E+00  0.000000000000E+00
      8    -8  2.001848146890E-04 -3.448855416030E-04  0.000000000000E+00  0.000000000000E+00
      8    -9 -1.268023674792E-04  4.376855197543E-05  0.000000000000E+00  0.000000000000E+00
      8   -10  5.299097374852E-06 -6.561946640456E-06  0.000000000000E+00  0.000000000000E+00
      8   -11  2.869563716161E-06 -1.271844838535E-05  0.000000000000E+00  0.000000000000E+00
      8   -12  3.129421172760E-06  1.735589281591E-05  0.000000000000E+00  0.000000000000E+00
      8   -13  1.979973840413E-06 -3.398124589106E-06  0.000000000000E+00  0.000000000000E+00
      8   -14  1.678348031615E-06  3.690355837388E-07  0.000000000000E+00  0.000000000000E+00
      8   -15 -2.604488233429E-06 -6.739495968040E-06  0.000000000000E+00  0.000000000000E+00
      8   -16  1.493214211725E-06 -4.044717525456E-06  0.000000000000E+00  0.000000000000E+00
      9    16  6.081297365274E-07 -1.204727115600E-07  0.000000000000E+00  0.000000000000E+00
      9    15 -5.533383142891E-06  3.605259933766E-06  0.000000000000E+00  0.000000000000E+00
      9    14 -1.945768993248E-05  9.629951324983E-06  0.000000000000E+00  0.000000000000E+00
      9    13 -2.723634973273E-05  2.814573655326E-05  0.000000000000E+00  0.000000000000E+00
      9    12 -4.037883971071E-05  6.053914367276E-05  0.000000000000E+00  0.000000000000E+00
      9    11 -3.721387033040E-05  4.964331544427E-05  0.000000000000E+00  0.000000000000E+00
      9    10  3.601054771626E-05 -4.977246023970E-05  0.000000000000E+00  0.000000000000E+00
      9     9  1.033157136937E-04 -1.090304454836E-04  0.000000000000E+00  0.000000000000E+00
      9     8  2.682233755115E-05 -3.710335828397E-05  0.000000000000E+00  0.000000000000E+00
      9     7 -2.010743869483E-05  6.848261946812E-05  0.000000000000E+00  0.000000000000E+00
      9     6 -5.323946606675E-05  3.576913316450E-05  0.000000000000E+00  0.000000000000E+00
      9     5  6.505105971399E-05 -2.211773890559E-04  0.000000000000E+00  0.000000000000E+00
      9     4  2.631577089437E-05  6.161424500959E-04  0.000000000000E+00  0.000000000000E+00
      9     3 -6.706670639681E-04 -1.536040860236E-03  0.000000000000E+00  0.000000000000E+00
      9     2  2.738041449907E-03  4.229847258055E-03  0.000000000000E+00  0.000000000000E+00
      9     1 -5.547850656804E-03 -7.684981164487E-03  0.000000000000E+00  0.000000000000E+00
      9     0  6.341747430086E-03  8.822917716454E-03  0.000000000000E+00  0.000000000000E+00
      9    -1 -1.602235974813E-03 -2.314169713609E-03  0.000000000000E+00  0.000000000000E+00
      9    -2 -2.837806254783E-04 -1.418056947434E-03  0.000000000000E+00  0.000000000000E+00
      9    -3 -1.056564367028E-03 -8.574746981614E-04  0.000000000000E+00  0.000000000000E+00
      9    -4 -3.279185410093E-03 -3.257298179250E-03  0.000000000000E+00  0.000000000000E+00
      9    -5 -2.017554341544E-04 -4.431863542492E-04  0.000000000000E+00  0.000000000000E+00
      9    -6  2.202906838491E-04  7.064772950837E-04  0.000000000000E+00  0.000000000000E+00
      9    -7 -9.802170399431E-05 -1.470524063961E-04  0.000000000000E+00  0.000000000000E+00
      9    -8  3.284056375740E-05 -1.591847173243E-04  0.000000000000E+00  0.000000000000E+00
      9    -9 -1.051587293457E-04  1.154011432443E-04  0.000000000000E+00  0.000000000000E+00
      9   -10 -8.106455194301E-06  5.264683069045E-05  0.000000000000E+00  0.000000000000E+00
      9   -11 -8.737959997006E-06 -8.410210280998E-06  0.000000000000E+00  0.000000000000E+00
      9   -12  6.793437173597E-06  3.994111584113E-06  0.000000000000E+00  0.000000000000E+00
      9   -13 -7.683322493583E-06 -2.244286779152E-06  0.000000000000E+00  0.000000000000E+00
      9   -14  3.632839063000E-06 -4.439073874155E-06  0.000000000000E+00  0.000000000000E+00
      9   -15 -2.191992491026E-06  1.893231089402E-06  0.000000000000E+00  0.000000000000E+00
      9   -16  6.081297365274E-07 -1.204727115256E-07  0.000000000000E+00  0.000000000000E+00
     10    16  1.757045486247E-06 -1.379188015662E-07  0.000000000000E+00  0.000000000000E+00
     10    15  4.397532198222E-07  9.045034071049E-06  0.000000000000E+00  0.000000000000E+00
     10    14  5.167772945625E-06  9.161059480971E-06  0.000000000000E+00  0.000000000000E+00
     10    13  1.726458810402E-05  1.803590982935E-06  0.000000000000E+00  0.000000000000E+00
     10    12  2.796602529258E-05 -2.318748547799E-05  0.000000000000E+00  0.000000000000E+00
     10    11  5.790136279401E-05 -8.530242440166E-05  0.000000000000E+00  0.000000000000E+00
     10    10  8.230237236226E-05 -9.983958341599E-05  0.000000000000E+00  0.000000000000E+00
     10     9  1.252739397376E-05 -8.935647689521E-06  0.000000000000E+00  0.000000000000E+00
     10     8 -3.941844486374E-05  9.217905528211E-05  0.000000000000E+00  0.000000000000E+00
     10     7  1.155046090052E-05 -4.840779766068E-05  0.000000000000E+00  0.000000000000E+00
     10     6  9.953727730092E-05 -1.166619015760E-04  0.000000000000E+00  0.000000000000E+00
     10     5 -2.352910228943E-05  1.620185643410E-04  0.000000000000E+00  0.000000000000E+00
     10     4 -5.353316383850E-05 -5.573004433367E-04  0.000000000000E+00  0.000000000000E+00
     10     3  5.496625678410E-04  1.195333171181E-03  0.000000000000E+00  0.000000000000E+00
     10     2 -1.142722046070E-03 -2.237284929885E-03  0.000000000000E+00  0.000000000000E+00
     10     1  1.401288597363E-03  2.699307611092E-03  0.000000000000E+00  0.000000000000E+00
     10     0 -1.845507888814E-03 -3.022471830637E-03  0.000000000000E+00  0.000000000000E+00
     10    -1  2.200831773023E-03  2.830790909333E-03  0.000000000000E+00  0.000000000000E+00
     10    -2 -8.054246012431E-04 -3.103591184245E-04  0.000000000000E+00  0.000000000000E+00
     10    -3 -4.726224986904E-03 -4.831218975001E-03  0.000000000000E+00  0.000000000000E+00
     10    -4 -1.565057183684E-03 -2.447702549777E-03  0.000000000000E+00  0.000000000000E+00
     10    -5  1.275402883471E-03  1.397293698168E-03  0.000000000000E+00  0.000000000000E+00
     10    -6  5.975431152289E-04  3.740343004618E-04  0.000000000000E+00  0.000000000000E+00
     10    -7  5.591396283724E-04  1.843133680692E-04  0.000000000000E+00  0.000000000000E+00
     10    -8  1.332952361802E-04  1.710078602506E-04  0.000000000000E+00  0.000000000000E+00
     10    -9  1.493486475952E-04  6.841969291937E-05  0.000000000000E+00  0.000000000000E+00
     10   -10  4.182710795033E-05  1.564433178189E-05  0.000000000000E+00  0.000000000000E+00
     10   -11  5.073745360809E-05 -6.781940700268E-05  0.000000000000E+00  0.000000000000E+00
     10   -12  5.150313670950E-06  1.165135312953E-05  0.000000000000E+00  0.000000000000E+00
     10   -13 -8.396715545777E-06 -5.421011563803E-06  0.000000000000E+00  0.000000000000E+00
     10   -14  4.013982697450E-06 -4.695311071757E-06  0.000000000000E+00  0.000000000000E+00
     10   -15 -3.016075493240E-06  4.081913752367E-06  0.000000000000E+00  0.000000000000E+00
     10   -16  1.757045486127E-06 -1.379188015584E-07  0.000000000000E+00  0.000000000000E+00
     11    16  3.864500325193E-08  3.899641312836E-07  0.000000000000E+00  0.000000000000E+00
     11    15 -5.751885656441E-06 -1.949960228655E-06  0.000000000000E+00  0.000000000000E+00
     11    14  8.249326423339E-07 -1.758914443888E-05  0.000000000000E+00  0.000000000000E+00
     11    13  8.299286911242E-07 -2.984844599069E-05  0.000000000000E+00  0.000000000000E+00
     11    12  1.442304556084E-06 -3.502094656699E-05  0.000000000000E+00  0.000000000000E+00
     11    11  1.576481017097E-06 -1.201283062558E-05  0.000000000000E+00  0.000000000000E+00
     11    10 -5.742195591717E-05  7.932075717240E-05  0.000000000000E+00  0.000000000000E+00
     11     9 -1.423377194743E-04  1.734371069661E-04  0.000000000000E+00  0.000000000000E+00
     11     8 -9.851934229880E-05  5.791219378975E-05  0.000000000000E+00  0.000000000000E+00
     11     7  5.224965962280E-05 -6.648807671368E-05  0.000000000000E+00  0.000000000000E+00
     11     6  1.815587716208E-05  4.191503072223E-05  0.000000000000E+00  0.000000000000E+00
     11     5 -7.644081574480E-05 -1.399576514037E-06  0.000000000000E+00  0.000000000000E+00
     11     4 -1.023160852893E-04  3.622564501272E-04  0.000000000000E+00  0.000000000000E+00
     11     3  3.259331206638E-04 -5.257066027955E-04  0.000000000000E+00  0.000000000000E+00
     11     2 -3.660230245932E-04  4.717028458757E-04  0.000000000000E+00  0.000000000000E+00
     11     1 -1.216069471861E-04 -8.331474744190E-04  0.000000000000E+00  0.000000000000E+00
     11     0  1.483418888786E-03  2.199306911281E-03  0.000000000000E+00  0.000000000000E+00
     11    -1 -2.099955881138E-03 -3.443548903142E-03  0.000000000000E+00  0.000000000000E+00
     11    -2 -1.045077394185E-03 -1.202367821910E-04  0.000000000000E+00  0.000000000000E+00
     11    -3  1.885330682105E-03  2.010360347178E-03  0.000000000000E+00  0.000000000000E+00
     11    -4  2.792688771594E-03  2.771466274357E-03  0.000000000000E+00  0.000000000000E+00
     11    -5  8.087736102395E-04  1.414943140181E-03  0.000000000000E+00  0.000000000000E+00
     11    -6 -6.978075174212E-04 -4.527118767891E-04  0.000000000000E+00  0.000000000000E+00
     11    -7 -4.859919663532E-04 -3.185995456792E-04  0.000000000000E+00  0.000000000000E+00
     11    -8 -3.463125843795E-04 -3.370736921789E-04  0.000000000000E+00  0.000000000000E+00
     11    -9 -1.308322514682E-04 -1.654023292629E-04  0.000000000000E+00  0.000000000000E+00
     11   -10 -1.366971096337E-04 -1.586202861780E-05  0.000000000000E+00  0.000000000000E+00
     11   -11 -1.089634144076E-05 -5.814098269580E-05  0.000000000000E+00  0.000000000000E+00
     11   -12 -3.975741821876E-05  4.430832982743E-05  0.000000000000E+00  0.000000000000E+00
     11   -13 -1.450879994148E-06 -9.790838768508E-07  0.000000000000E+00  0.000000000000E+00
     11   -14  4.791773348769E-06  3.921524835202E-06  0.000000000000E+00  0.000000000000E+00
     11   -15 -6.538344177178E-07  9.434475752640E-06  0.000000000000E+00  0.000000000000E+00
     11   -16  3.864500321810E-08  3.899641313239E-07  0.000000000000E+00  0.000000000000E+00
     12    16 -6.710830969625E-07 -6.576380933247E-06  0.000000000000E+00  0.000000000000E+00
     12    15  1.833176196185E-06 -7.687474322083E-06  0.000000000000E+00  0.000000000000E+00
     12    14  8.191552173748E-06  5.641855005081E-08  0.000000000000E+00  0.000000000000E+00
     12    13 -4.011135396924E-06  2.424390904937E-05  0.000000000000E+00  0.000000000000E+00
     12    12 -1.426118242277E-05  5.171307007229E-05  0.000000000000E+00  0.000000000000E+00
     12    11 -3.976021539207E-05  8.360384283165E-05  0.000000000000E+00  0.000000000000E+00
     12    10 -5.744493999633E-05  8.237773864886E-05  0.000000000000E+00  0.000000000000E+00
     12     9  1.983896428966E-05 -4.026946098209E-05  0.000000000000E+00  0.000000000000E+00
     12     8  1.420698368878E-04 -1.686296371916E-04  0.000000000000E+00  0.000000000000E+00
     12     7  1.388896662516E-05 -1.779222668582E-05  0.000000000000E+00  0.000000000000E+00
     12     6 -1.748147206224E-04  1.808685199698E-04  0.000000000000E+00  0.000000000000E+00
     12     5 -6.873572652363E-05 -1.505437777006E-05  0.000000000000E+00  0.000000000000E+00
     12     4  3.112181211810E-04 -3.360286241368E-05  0.000000000000E+00  0.000000000000E+00
     12     3 -6.454470571909E-04 -1.396915077779E-05  0.000000000000E+00  0.000000000000E+00
     12     2  6.301993498702E-04  4.100087363958E-04  0.000000000000E+00  0.000000000000E+00
     12     1 -6.472057485111E-04 -7.480925088080E-04  0.000000000000E+00  0.000000000000E+00
     12     0  6.859821351471E-04  7.099495520116E-04  0.000000000000E+00  0.000000000000E+00
     12    -1 -2.913678292061E-04  1.196482359809E-04  0.000000000000E+00  0.000000000000E+00
     12    -2  4.830471456876E-04  2.471826041702E-04  0.000000000000E+00  0.000000000000E+00
     12    -3  7.590841550095E-04  3.458545262975E-04  0.000000000000E+00  0.000000000000E+00
     12    -4  2.067416454843E-04  2.842184044563E-04  0.000000000000E+00  0.000000000000E+00
     12    -5 -6.247803463227E-04 -1.278624466603E-03  0.000000000000E+00  0.000000000000E+00
     12    -6 -3.523829522206E-04 -1.047252728202E-03  0.000000000000E+00  0.000000000000E+00
     12    -7  1.640692153265E-04  3.354008254166E-06  0.000000000000E+00  0.000000000000E+00
     12    -8  2.448246489270E-04  1.956676177647E-04  0.000000000000E+00  0.000000000000E+00
     12    -9  1.093655476855E-04  2.740838615491E-04  0.000000000000E+00  0.000000000000E+00
     12   -10  7.739538440119E-05  1.341440066356E-04  0.000000000000E+00  0.000000000000E+00
     12   -11  5.825471366059E-05  1.133095961142E-05  0.000000000000E+00  0.000000000000E+00
     12   -12  3.374918483920E-06  4.449416668049E-05  0.000000000000E+00  0.000000000000E+00
     12   -13  1.653208814477E-05 -1.908216381047E-05  0.000000000000E+00  0.000000000000E+00
     12   -14  1.299670240460E-06 -4.102281111069E-06  0.000000000000E+00  0.000000000000E+00
     12   -15 -1.490983681369E-06 -5.414042503666E-06  0.000000000000E+00  0.000000000000E+00
     12   -16 -6.710830968912E-07 -6.576380933223E-06  0.000000000000E+00  0.000000000000E+00
     13    16  1.525162691342E-07  4.382378927884E-06  0.000000000000E+00  0.000000000000E+00
     13    15  5.583713293966E-06  1.646916622036E-05  0.000000000000E+00  0.000000000000E+00
     13    14 -2.648237589884E-07  1.757683903138E-05  0.000000000000E+00  0.000000000000E+00
     13    13 -1.111334773645E-05  3.929258220971E-06  0.000000000000E+00  0.000000000000E+00
     13    12  8.346110309054E-06 -2.157086916003E-05  0.000000000000E+00  0.000000000000E+00
     13    11  2.180833472881E-05 -5.421111844589E-05  0.000000000000E+00  0.000000000000E+00
     13    10  7.322998774869E-05 -1.183461948777E-04  0.000000000000E+00  0.000000000000E+00
     13     9  1.497577056028E-04 -1.878014139274E-04  0.000000000000E+00  0.000000000000E+00
     13     8  1.103398347905E-04 -7.648543333061E-05  0.000000000000E+00  0.000000000000E+00
     13     7 -5.719388355486E-05  1.012365058780E-04  0.000000000000E+00  0.000000000000E+00
     13     6 -1.807455798854E-05 -1.108383205748E-05  0.000000000000E+00  0.000000000000E+00
     13     5  1.997626426965E-04 -8.668902656329E-05  0.000000000000E+00  0.000000000000E+00
     13     4 -2.239556341971E-05 -2.429134833875E-04  0.000000000000E+00  0.000000000000E+00
     13     3  3.982526043737E-04  1.158832304287E-04  0.000000000000E+00  0.000000000000E+00
     13     2 -8.548374094219E-04 -5.955248208005E-04  0.000000000000E+00  0.000000000000E+00
     13     1  1.216306194524E-03  1.482569634046E-03  0.000000000000E+00  0.000000000000E+00
     13     0 -1.290857013847E-03 -1.849739649016E-03  0.000000000000E+00  0.000000000000E+00
     13    -1 -1.459704416943E-04  3.708735956811E-04  0.000000000000E+00  0.000000000000E+00
     13    -2  1.760118560987E-03  1.609020173131E-03  0.000000000000E+00  0.000000000000E+00
     13    -3 -6.041004754691E-04 -3.344741074849E-04  0.000000000000E+00  0.000000000000E+00
     13    -4 -1.605082642728E-03 -1.713228814782E-03  0.000000000000E+00  0.000000000000E+00
     13    -5 -1.002945100137E-03 -6.857066344487E-04  0.000000000000E+00  0.000000000000E+00
     13    -6  1.356683047289E-04  5.989568566102E-04  0.000000000000E+00  0.000000000000E+00
     13    -7  2.465724796900E-04  5.970766637032E-04  0.000000000000E+00  0.000000000000E+00
     13    -8 -2.672250842380E-05  5.709841524600E-05  0.000000000000E+00  0.000000000000E+00
     13    -9 -3.067835941016E-05 -8.488070841297E-05  0.000000000000E+00  0.000000000000E+00
     13   -10  2.249013022776E-05 -1.679485693534E-04  0.000000000000E+00  0.000000000000E+00
     13   -11 -1.313366865125E-05 -9.739862772228E-05  0.000000000000E+00  0.000000000000E+00
     13   -12 -1.859117442194E-06 -1.444666101281E-05  0.000000000000E+00  0.000000000000E+00
     13   -13 -9.050266392054E-07 -2.016101329078E-05  0.000000000000E+00  0.000000000000E+00
     13   -14 -1.291328976190E-06  1.846865808677E-07  0.000000000000E+00  0.000000000000E+00
     13   -15 -7.121879476617E-07  4.789734500167E-06  0.000000000000E+00  0.000000000000E+00
     13   -16  1.525162691264E-07  4.382378927795E-06  0.000000000000E+00  0.000000000000E+00
     14    16 -1.722315906663E-06 -1.298522646616E-06  0.000000000000E+00  0.000000000000E+00
     14    15 -3.844301386260E-06 -1.154486799040E-05  0.000000000000E+00  0.000000000000E+00
     14    14 -1.714012315529E-05 -2.223158495937E-05  0.000000000000E+00  0.000000000000E+00
     14    13 -6.808125675727E-06 -2.432917762896E-05  0.000000000000E+00  0.000000000000E+00
     14    12  1.116611501934E-05 -1.248882474251E-05  0.000000000000E+00  0.000000000000E+00
     14    11 -1.623726280973E-07  3.241478372733E-06  0.000000000000E+00  0.000000000000E+00
     14    10  2.799673087589E-06 -1.344105583358E-06  0.000000000000E+00  0.000000000000E+00
     14     9 -8.571129355716E-05  1.369614186900E-04  0.000000000000E+00  0.000000000000E+00
     14     8 -2.536777042458E-04  2.721321512525E-04  0.000000000000E+00  0.000000000000E+00
     14     7 -1.650321160790E-04  1.698303268763E-04  0.000000000000E+00  0.000000000000E+00
     14     6  2.793324119577E-04 -2.019994209246E-04  0.000000000000E+00  0.000000000000E+00
     14     5  1.552748746847E-04 -1.932546210363E-04  0.000000000000E+00  0.000000000000E+00
     14     4 -2.211339451438E-04  3.511574145655E-04  0.000000000000E+00  0.000000000000E+00
     14     3 -3.376293466265E-04 -8.529067420704E-05  0.000000000000E+00  0.000000000000E+00
     14     2  9.086380886971E-04  2.848294315632E-04  0.000000000000E+00  0.000000000000E+00
     14     1 -8.021430295968E-04 -1.019335841332E-03  0.000000000000E+00  0.000000000000E+00
     14     0  4.862791571846E-04  1.349693922429E-03  0.000000000000E+00  0.000000000000E+00
     14    -1  2.251857293026E-04 -7.191064447015E-04  0.000000000000E+00  0.000000000000E+00
     14    -2 -8.096762155511E-04 -2.728956550963E-04  0.000000000000E+00  0.000000000000E+00
     14    -3 -4.174603545249E-04 -8.220772365070E-04  0.000000000000E+00  0.000000000000E+00
     14    -4  2.402801458876E-04  4.557583568519E-04  0.000000000000E+00  0.000000000000E+00
     14    -5  5.668253027755E-04  5.621696786666E-04  0.000000000000E+00  0.000000000000E+00
     14    -6  4.300868567093E-04  4.986100471435E-04  0.000000000000E+00  0.000000000000E+00
     14    -7  7.690520459791E-05 -2.065104333655E-04  0.000000000000E+00  0.000000000000E+00
     14    -8 -1.023957158605E-04 -2.098739791828E-04  0.000000000000E+00  0.000000000000E+00
     14    -9 -1.305755092268E-05 -6.677268264120E-05  0.000000000000E+00  0.000000000000E+00
     14   -10 -7.788370136503E-05  4.762082703109E-05  0.000000000000E+00  0.000000000000E+00
     14   -11 -6.951077296306E-05  9.220295608992E-05  0.000000000000E+00  0.000000000000E+00
     14   -12 -2.078818710107E-05  5.230639139913E-05  0.000000000000E+00  0.000000000000E+00
     14   -13 -2.178307006851E-05  1.630973534585E-05  0.000000000000E+00  0.000000000000E+00
     14   -14  3.176160573558E-07  3.443351155346E-06  0.000000000000E+00  0.000000000000E+00
     14   -15 -5.426471209357E-06  6.592203307611E-06  0.000000000000E+00  0.000000000000E+00
     14   -16 -1.722315906514E-06 -1.298522646626E-06  0.000000000000E+00  0.000000000000E+00
     15    16  4.083124177470E-06 -1.181734129547E-06  0.000000000000E+00  0.000000000000E+00
     15    15  1.229403768038E-05  5.598032036279E-07  0.000000000000E+00  0.000000000000E+00
     15    14  1.609434907420E-05  1.634623160772E-05  0.000000000000E+00  0.000000000000E+00
     15    13  3.952910058261E-05  2.520473433485E-05  0.000000000000E+00  0.000000000000E+00
     15    12  2.100212366686E-05  2.843733009938E-05  0.000000000000E+00  0.000000000000E+00
     15    11 -1.040248264775E-05  1.521522422071E-05  0.000000000000E+00  0.000000000000E+00
     15    10 -1.922431986419E-05  3.953845432463E-05  0.000000000000E+00  0.000000000000E+00
     15     9 -7.796725328427E-05  8.120336506579E-05  0.000000000000E+00  0.000000000000E+00
     15     8  1.511205145717E-05 -2.479648871824E-05  0.000000000000E+00  0.000000000000E+00
     15     7  1.918482890806E-04 -2.281109886698E-04  0.000000000000E+00  0.000000000000E+00
     15     6  4.270532333726E-05 -1.519671488721E-04  0.000000000000E+00  0.000000000000E+00
     15     5 -2.914976509761E-04  2.640244060604E-04  0.000000000000E+00  0.000000000000E+00
     15     4 -1.165516241609E-04  1.070644079722E-04  0.000000000000E+00  0.000000000000E+00
     15     3  3.679173706105E-05  6.456399475186E-05  0.000000000000E+00  0.000000000000E+00
     15     2 -3.167392674276E-04  1.863170440059E-04  0.000000000000E+00  0.000000000000E+00
     15     1  1.712917632770E-04  1.580589811978E-04  0.000000000000E+00  0.000000000000E+00
     15     0 -5.688769724059E-05 -7.855888892915E-04  0.000000000000E+00  0.000000000000E+00
     15    -1  1.673816607011E-04  1.144377635182E-03  0.000000000000E+00  0.000000000000E+00
     15    -2  3.486698477473E-04 -4.957606072198E-04  0.000000000000E+00  0.000000000000E+00
     15    -3 -7.279585316159E-04 -2.303954233332E-04  0.000000000000E+00  0.000000000000E+00
     15    -4  7.379474000756E-04  4.605297525164E-04  0.000000000000E+00  0.000000000000E+00
     15    -5  4.511600738515E-04  4.717128050537E-04  0.000000000000E+00  0.000000000000E+00
     15    -6 -1.620581080239E-04 -3.885733664170E-04  0.000000000000E+00  0.000000000000E+00
     15    -7 -4.621086672501E-04 -4.595776448688E-04  0.000000000000E+00  0.000000000000E+00
     15    -8 -1.328191891675E-04 -5.720340140100E-05  0.000000000000E+00  0.000000000000E+00
     15    -9  3.404365626565E-05  7.237608678169E-05  0.000000000000E+00  0.000000000000E+00
     15   -10  3.955043181438E-05  1.320432155349E-05  0.000000000000E+00  0.000000000000E+00
     15   -11  9.525342371595E-05 -3.449582140850E-05  0.000000000000E+00  0.000000000000E+00
     15   -12  6.142140284152E-05 -4.494707508626E-05  0.000000000000E+00  0.000000000000E+00
     15   -13  2.965936155315E-05 -2.263240861049E-05  0.000000000000E+00  0.000000000000E+00
     15   -14  2.195893057309E-05 -1.461188717626E-05  0.000000000000E+00  0.000000000000E+00
     15   -15  1.213055679072E-06  2.483110717510E-06  0.000000000000E+00  0.000000000000E+00
     15   -16  4.083124177475E-06 -1.181734129529E-06  0.000000000000E+00  0.000000000000E+00
     16    16 -4.478529914492E-07  2.309889458961E-17  0.000000000000E+00  0.000000000000E+00
     16    15 -7.042914438742E-06 -3.283222022476E-06  0.000000000000E+00  0.000000000000E+00
     16    14 -1.154050469399E-05 -3.354391410411E-06  0.000000000000E+00  0.000000000000E+00
     16    13 -1.899599574769E-05 -1.129363758256E-05  0.000000000000E+00  0.000000000000E+00
     16    12 -3.575214953856E-05 -1.485211993250E-05  0.000000000000E+00  0.000000000000E+00
     16    11 -1.719627656476E-05 -8.657869502140E-06  0.000000000000E+00  0.000000000000E+00
     16    10 -4.016574061069E-06 -5.208265440727E-06  0.000000000000E+00  0.000000000000E+00
     16     9  3.058645550436E-05 -2.493597041131E-05  0.000000000000E+00  0.000000000000E+00
     16     8  1.292432783410E-04 -1.463104202859E-04  0.000000000000E+00  0.000000000000E+00
     16     7  9.386752906663E-05 -1.065537553211E-04  0.000000000000E+00  0.000000000000E+00
     16     6 -1.081590707213E-04  8.581791448517E-05  0.000000000000E+00  0.000000000000E+00
     16     5 -2.439819109920E-04  2.775864709498E-04  0.000000000000E+00  0.000000000000E+00
     16     4  4.035952715926E-05 -1.349828815719E-04  0.000000000000E+00  0.000000000000E+00
     16     3  3.800639423747E-04 -2.091227321925E-04  0.000000000000E+00  0.000000000000E+00
     16     2 -1.563607688248E-04 -1.905874358077E-04  0.000000000000E+00  0.000000000000E+00
     16     1 -3.885712002020E-05  3.209828790572E-04  0.000000000000E+00  0.000000000000E+00
     16     0 -6.437404393025E-06  9.071249076739E-17  0.000000000000E+00  0.000000000000E+00
     16    -1 -3.885712002017E-05 -3.209828790572E-04  0.000000000000E+00  0.000000000000E+00
     16    -2 -1.563607688247E-04  1.905874358077E-04  0.000000000000E+00  0.000000000000E+00
     16    -3  3.800639423747E-04  2.091227321925E-04  0.000000000000E+00  0.000000000000E+00
     16    -4  4.035952715923E-05  1.349828815719E-04  0.000000000000E+00  0.000000000000E+00
     16    -5 -2.439819109919E-04 -2.775864709498E-04  0.000000000000E+00  0.000000000000E+00
     16    -6 -1.081590707213E-04 -8.581791448518E-05  0.000000000000E+00  0.000000000000E+00
     16    -7  9.386752906666E-05  1.065537553211E-04  0.000000000000E+00  0.000000000000E+00
     16    -8  1.292432783409E-04  1.463104202860E-04  0.000000000000E+00  0.000000000000E+00
     16    -9  3.058645550429E-05  2.493597041128E-05  0.000000000000E+00  0.000000000000E+00
     16   -10 -4.016574061041E-06  5.208265440741E-06  0.000000000000E+00  0.000000000000E+00
     16   -11 -1.719627656468E-05  8.657869502140E-06  0.000000000000E+00  0.000000000000E+00
     16   -12 -3.575214953893E-05  1.485211993250E-05  0.000000000000E+00  0.000000000000E+00
     16   -13 -1.899599574770E-05  1.129363758258E-05  0.000000000000E+00  0.000000000000E+00
     16   -14 -1.154050469408E-05  3.354391410389E-06  0.000000000000E+00  0.000000000000E+00
     16   -15 -7.042914438889E-06  3.283222022497E-06  0.000000000000E+00  0.000000000000E+00
     16   -16 -4.478529914492E-07  1.115021054861E-17  0.000000000000E+00  0.000000000000E+00
